{"C:\\Users\\yasso\\Desktop\\projet integration\\Nexium_Project\\src\\App.css": {"path":"C:\\Users\\yasso\\Desktop\\projet integration\\Nexium_Project\\src\\App.css","statementMap":{},"fnMap":{},"branchMap":{},"s":{},"f":{},"b":{},"meta":{"lastBranch":0,"lastFunction":0,"lastStatement":0,"seen":{}}}
,"C:\\Users\\yasso\\Desktop\\projet integration\\Nexium_Project\\src\\App.tsx": {"path":"C:\\Users\\yasso\\Desktop\\projet integration\\Nexium_Project\\src\\App.tsx","statementMap":{"0":{"start":{"line":11,"column":8},"end":{"line":11,"column":null}},"1":{"start":{"line":12,"column":27},"end":{"line":12,"column":null}},"2":{"start":{"line":12,"column":77},"end":{"line":12,"column":111}},"3":{"start":{"line":14,"column":2},"end":{"line":24,"column":null}},"4":{"start":{"line":29,"column":2},"end":{"line":32,"column":null}}},"fnMap":{"0":{"name":"AppContent","decl":{"start":{"line":10,"column":9},"end":{"line":10,"column":22}},"loc":{"start":{"line":10,"column":22},"end":{"line":26,"column":null}},"line":10},"1":{"name":"(anonymous_1)","decl":{"start":{"line":12,"column":69},"end":{"line":12,"column":77}},"loc":{"start":{"line":12,"column":77},"end":{"line":12,"column":111}},"line":12},"2":{"name":"App","decl":{"start":{"line":28,"column":9},"end":{"line":28,"column":15}},"loc":{"start":{"line":28,"column":15},"end":{"line":34,"column":null}},"line":28}},"branchMap":{"0":{"loc":{"start":{"line":16,"column":7},"end":{"line":16,"column":null}},"type":"binary-expr","locations":[{"start":{"line":16,"column":7},"end":{"line":16,"column":28}},{"start":{"line":16,"column":28},"end":{"line":16,"column":null}}],"line":16},"1":{"loc":{"start":{"line":23,"column":7},"end":{"line":23,"column":null}},"type":"binary-expr","locations":[{"start":{"line":23,"column":7},"end":{"line":23,"column":28}},{"start":{"line":23,"column":28},"end":{"line":23,"column":null}}],"line":23}},"s":{"0":2,"1":2,"2":6,"3":2,"4":2},"f":{"0":2,"1":6,"2":2},"b":{"0":[2,2],"1":[2,2]},"meta":{"lastBranch":2,"lastFunction":3,"lastStatement":5,"seen":{"f:10:9:10:22":0,"s:11:8:11:Infinity":0,"s:12:27:12:Infinity":1,"f:12:69:12:77":1,"s:12:77:12:111":2,"s:14:2:24:Infinity":3,"b:16:7:16:28:16:28:16:Infinity":0,"b:23:7:23:28:23:28:23:Infinity":1,"f:28:9:28:15":2,"s:29:2:32:Infinity":4}}}
,"C:\\Users\\yasso\\Desktop\\projet integration\\Nexium_Project\\src\\components\\Dashboard\\Events.tsx": {"path":"C:\\Users\\yasso\\Desktop\\projet integration\\Nexium_Project\\src\\components\\Dashboard\\Events.tsx","statementMap":{"0":{"start":{"line":5,"column":15},"end":{"line":479,"column":null}},"1":{"start":{"line":6,"column":32},"end":{"line":6,"column":null}},"2":{"start":{"line":7,"column":40},"end":{"line":7,"column":null}},"3":{"start":{"line":8,"column":26},"end":{"line":8,"column":null}},"4":{"start":{"line":9,"column":28},"end":{"line":9,"column":null}},"5":{"start":{"line":10,"column":24},"end":{"line":10,"column":null}},"6":{"start":{"line":11,"column":32},"end":{"line":11,"column":null}},"7":{"start":{"line":12,"column":44},"end":{"line":12,"column":null}},"8":{"start":{"line":13,"column":40},"end":{"line":13,"column":null}},"9":{"start":{"line":14,"column":52},"end":{"line":14,"column":null}},"10":{"start":{"line":15,"column":38},"end":{"line":15,"column":null}},"11":{"start":{"line":16,"column":38},"end":{"line":16,"column":null}},"12":{"start":{"line":17,"column":46},"end":{"line":17,"column":null}},"13":{"start":{"line":19,"column":2},"end":{"line":23,"column":null}},"14":{"start":{"line":20,"column":18},"end":{"line":20,"column":null}},"15":{"start":{"line":21,"column":4},"end":{"line":21,"column":null}},"16":{"start":{"line":22,"column":4},"end":{"line":22,"column":null}},"17":{"start":{"line":25,"column":22},"end":{"line":41,"column":null}},"18":{"start":{"line":26,"column":4},"end":{"line":40,"column":null}},"19":{"start":{"line":27,"column":6},"end":{"line":27,"column":null}},"20":{"start":{"line":28,"column":19},"end":{"line":28,"column":null}},"21":{"start":{"line":30,"column":28},"end":{"line":32,"column":null}},"22":{"start":{"line":31,"column":8},"end":{"line":31,"column":null}},"23":{"start":{"line":33,"column":6},"end":{"line":33,"column":null}},"24":{"start":{"line":34,"column":6},"end":{"line":34,"column":null}},"25":{"start":{"line":36,"column":6},"end":{"line":36,"column":null}},"26":{"start":{"line":37,"column":6},"end":{"line":37,"column":null}},"27":{"start":{"line":39,"column":6},"end":{"line":39,"column":null}},"28":{"start":{"line":43,"column":26},"end":{"line":51,"column":null}},"29":{"start":{"line":44,"column":4},"end":{"line":50,"column":null}},"30":{"start":{"line":45,"column":6},"end":{"line":45,"column":null}},"31":{"start":{"line":46,"column":6},"end":{"line":46,"column":null}},"32":{"start":{"line":48,"column":6},"end":{"line":48,"column":null}},"33":{"start":{"line":49,"column":6},"end":{"line":49,"column":null}},"34":{"start":{"line":53,"column":27},"end":{"line":61,"column":null}},"35":{"start":{"line":54,"column":4},"end":{"line":60,"column":null}},"36":{"start":{"line":55,"column":6},"end":{"line":55,"column":null}},"37":{"start":{"line":56,"column":6},"end":{"line":56,"column":null}},"38":{"start":{"line":58,"column":6},"end":{"line":58,"column":null}},"39":{"start":{"line":59,"column":6},"end":{"line":59,"column":null}},"40":{"start":{"line":63,"column":28},"end":{"line":102,"column":null}},"41":{"start":{"line":64,"column":4},"end":{"line":64,"column":null}},"42":{"start":{"line":64,"column":31},"end":{"line":64,"column":null}},"43":{"start":{"line":66,"column":4},"end":{"line":101,"column":null}},"44":{"start":{"line":68,"column":26},"end":{"line":68,"column":null}},"45":{"start":{"line":69,"column":6},"end":{"line":72,"column":null}},"46":{"start":{"line":70,"column":24},"end":{"line":70,"column":null}},"47":{"start":{"line":71,"column":8},"end":{"line":71,"column":null}},"48":{"start":{"line":74,"column":29},"end":{"line":79,"column":null}},"49":{"start":{"line":81,"column":6},"end":{"line":83,"column":null}},"50":{"start":{"line":82,"column":8},"end":{"line":82,"column":null}},"51":{"start":{"line":85,"column":6},"end":{"line":87,"column":null}},"52":{"start":{"line":86,"column":8},"end":{"line":86,"column":null}},"53":{"start":{"line":89,"column":6},"end":{"line":89,"column":null}},"54":{"start":{"line":91,"column":6},"end":{"line":91,"column":null}},"55":{"start":{"line":92,"column":6},"end":{"line":92,"column":null}},"56":{"start":{"line":93,"column":6},"end":{"line":93,"column":null}},"57":{"start":{"line":94,"column":6},"end":{"line":94,"column":null}},"58":{"start":{"line":95,"column":6},"end":{"line":95,"column":null}},"59":{"start":{"line":96,"column":6},"end":{"line":96,"column":null}},"60":{"start":{"line":97,"column":6},"end":{"line":97,"column":null}},"61":{"start":{"line":99,"column":6},"end":{"line":99,"column":null}},"62":{"start":{"line":100,"column":6},"end":{"line":100,"column":null}},"63":{"start":{"line":104,"column":23},"end":{"line":110,"column":null}},"64":{"start":{"line":106,"column":4},"end":{"line":108,"column":null}},"65":{"start":{"line":107,"column":6},"end":{"line":107,"column":null}},"66":{"start":{"line":109,"column":4},"end":{"line":109,"column":null}},"67":{"start":{"line":112,"column":21},"end":{"line":119,"column":null}},"68":{"start":{"line":113,"column":4},"end":{"line":113,"column":null}},"69":{"start":{"line":113,"column":15},"end":{"line":113,"column":null}},"70":{"start":{"line":115,"column":22},"end":{"line":115,"column":null}},"71":{"start":{"line":116,"column":4},"end":{"line":118,"column":null}},"72":{"start":{"line":117,"column":6},"end":{"line":117,"column":null}},"73":{"start":{"line":121,"column":14},"end":{"line":121,"column":null}},"74":{"start":{"line":122,"column":25},"end":{"line":125,"column":null}},"75":{"start":{"line":123,"column":22},"end":{"line":123,"column":null}},"76":{"start":{"line":124,"column":4},"end":{"line":124,"column":null}},"77":{"start":{"line":126,"column":21},"end":{"line":129,"column":null}},"78":{"start":{"line":127,"column":22},"end":{"line":127,"column":null}},"79":{"start":{"line":128,"column":4},"end":{"line":128,"column":null}},"80":{"start":{"line":131,"column":24},"end":{"line":131,"column":null}},"81":{"start":{"line":133,"column":2},"end":{"line":142,"column":null}},"82":{"start":{"line":134,"column":4},"end":{"line":140,"column":null}},"83":{"start":{"line":144,"column":2},"end":{"line":156,"column":null}},"84":{"start":{"line":145,"column":4},"end":{"line":154,"column":null}},"85":{"start":{"line":158,"column":2},"end":{"line":477,"column":null}},"86":{"start":{"line":169,"column":25},"end":{"line":169,"column":null}},"87":{"start":{"line":180,"column":25},"end":{"line":180,"column":null}},"88":{"start":{"line":190,"column":25},"end":{"line":190,"column":null}},"89":{"start":{"line":210,"column":12},"end":{"line":282,"column":null}},"90":{"start":{"line":212,"column":29},"end":{"line":212,"column":null}},"91":{"start":{"line":295,"column":31},"end":{"line":295,"column":null}},"92":{"start":{"line":373,"column":37},"end":{"line":373,"column":null}},"93":{"start":{"line":381,"column":37},"end":{"line":381,"column":null}},"94":{"start":{"line":408,"column":35},"end":{"line":408,"column":null}},"95":{"start":{"line":417,"column":35},"end":{"line":417,"column":null}},"96":{"start":{"line":427,"column":35},"end":{"line":427,"column":null}},"97":{"start":{"line":444,"column":35},"end":{"line":444,"column":null}},"98":{"start":{"line":453,"column":35},"end":{"line":453,"column":null}},"99":{"start":{"line":460,"column":33},"end":{"line":460,"column":null}}},"fnMap":{"0":{"name":"(anonymous_0)","decl":{"start":{"line":5,"column":15},"end":{"line":5,"column":21}},"loc":{"start":{"line":5,"column":21},"end":{"line":479,"column":null}},"line":5},"1":{"name":"(anonymous_1)","decl":{"start":{"line":19,"column":12},"end":{"line":19,"column":18}},"loc":{"start":{"line":19,"column":18},"end":{"line":23,"column":5}},"line":19},"2":{"name":"(anonymous_2)","decl":{"start":{"line":25,"column":22},"end":{"line":25,"column":34}},"loc":{"start":{"line":25,"column":34},"end":{"line":41,"column":null}},"line":25},"3":{"name":"(anonymous_3)","decl":{"start":{"line":30,"column":51},"end":{"line":30,"column":null}},"loc":{"start":{"line":31,"column":8},"end":{"line":31,"column":null}},"line":31},"4":{"name":"(anonymous_4)","decl":{"start":{"line":43,"column":26},"end":{"line":43,"column":33}},"loc":{"start":{"line":43,"column":56},"end":{"line":51,"column":null}},"line":43},"5":{"name":"(anonymous_5)","decl":{"start":{"line":53,"column":27},"end":{"line":53,"column":34}},"loc":{"start":{"line":53,"column":57},"end":{"line":61,"column":null}},"line":53},"6":{"name":"(anonymous_6)","decl":{"start":{"line":63,"column":28},"end":{"line":63,"column":40}},"loc":{"start":{"line":63,"column":40},"end":{"line":102,"column":null}},"line":63},"7":{"name":"(anonymous_7)","decl":{"start":{"line":104,"column":23},"end":{"line":104,"column":24}},"loc":{"start":{"line":104,"column":47},"end":{"line":110,"column":null}},"line":104},"8":{"name":"(anonymous_8)","decl":{"start":{"line":112,"column":21},"end":{"line":112,"column":22}},"loc":{"start":{"line":112,"column":40},"end":{"line":119,"column":null}},"line":112},"9":{"name":"(anonymous_9)","decl":{"start":{"line":116,"column":36},"end":{"line":116,"column":null}},"loc":{"start":{"line":117,"column":6},"end":{"line":117,"column":null}},"line":117},"10":{"name":"(anonymous_10)","decl":{"start":{"line":122,"column":39},"end":{"line":122,"column":44}},"loc":{"start":{"line":122,"column":44},"end":{"line":125,"column":3}},"line":122},"11":{"name":"(anonymous_11)","decl":{"start":{"line":126,"column":35},"end":{"line":126,"column":40}},"loc":{"start":{"line":126,"column":40},"end":{"line":129,"column":3}},"line":126},"12":{"name":"(anonymous_12)","decl":{"start":{"line":169,"column":19},"end":{"line":169,"column":25}},"loc":{"start":{"line":169,"column":25},"end":{"line":169,"column":null}},"line":169},"13":{"name":"(anonymous_13)","decl":{"start":{"line":180,"column":19},"end":{"line":180,"column":25}},"loc":{"start":{"line":180,"column":25},"end":{"line":180,"column":null}},"line":180},"14":{"name":"(anonymous_14)","decl":{"start":{"line":190,"column":19},"end":{"line":190,"column":25}},"loc":{"start":{"line":190,"column":25},"end":{"line":190,"column":null}},"line":190},"15":{"name":"(anonymous_15)","decl":{"start":{"line":209,"column":28},"end":{"line":209,"column":29}},"loc":{"start":{"line":210,"column":12},"end":{"line":282,"column":null}},"line":210},"16":{"name":"(anonymous_16)","decl":{"start":{"line":212,"column":23},"end":{"line":212,"column":29}},"loc":{"start":{"line":212,"column":29},"end":{"line":212,"column":null}},"line":212},"17":{"name":"(anonymous_17)","decl":{"start":{"line":295,"column":25},"end":{"line":295,"column":31}},"loc":{"start":{"line":295,"column":31},"end":{"line":295,"column":null}},"line":295},"18":{"name":"(anonymous_18)","decl":{"start":{"line":373,"column":31},"end":{"line":373,"column":37}},"loc":{"start":{"line":373,"column":37},"end":{"line":373,"column":null}},"line":373},"19":{"name":"(anonymous_19)","decl":{"start":{"line":381,"column":31},"end":{"line":381,"column":37}},"loc":{"start":{"line":381,"column":37},"end":{"line":381,"column":null}},"line":381},"20":{"name":"(anonymous_20)","decl":{"start":{"line":408,"column":28},"end":{"line":408,"column":29}},"loc":{"start":{"line":408,"column":35},"end":{"line":408,"column":null}},"line":408},"21":{"name":"(anonymous_21)","decl":{"start":{"line":417,"column":28},"end":{"line":417,"column":29}},"loc":{"start":{"line":417,"column":35},"end":{"line":417,"column":null}},"line":417},"22":{"name":"(anonymous_22)","decl":{"start":{"line":427,"column":28},"end":{"line":427,"column":29}},"loc":{"start":{"line":427,"column":35},"end":{"line":427,"column":null}},"line":427},"23":{"name":"(anonymous_23)","decl":{"start":{"line":444,"column":28},"end":{"line":444,"column":29}},"loc":{"start":{"line":444,"column":35},"end":{"line":444,"column":null}},"line":444},"24":{"name":"(anonymous_24)","decl":{"start":{"line":453,"column":28},"end":{"line":453,"column":29}},"loc":{"start":{"line":453,"column":35},"end":{"line":453,"column":null}},"line":453},"25":{"name":"(anonymous_25)","decl":{"start":{"line":460,"column":27},"end":{"line":460,"column":33}},"loc":{"start":{"line":460,"column":33},"end":{"line":460,"column":null}},"line":460}},"branchMap":{"0":{"loc":{"start":{"line":20,"column":18},"end":{"line":20,"column":null}},"type":"binary-expr","locations":[{"start":{"line":20,"column":18},"end":{"line":20,"column":56}},{"start":{"line":20,"column":56},"end":{"line":20,"column":null}}],"line":20},"1":{"loc":{"start":{"line":31,"column":8},"end":{"line":31,"column":null}},"type":"binary-expr","locations":[{"start":{"line":31,"column":8},"end":{"line":31,"column":47}},{"start":{"line":31,"column":47},"end":{"line":31,"column":null}}],"line":31},"2":{"loc":{"start":{"line":64,"column":4},"end":{"line":64,"column":null}},"type":"if","locations":[{"start":{"line":64,"column":4},"end":{"line":64,"column":null}},{"start":{},"end":{}}],"line":64},"3":{"loc":{"start":{"line":69,"column":6},"end":{"line":72,"column":null}},"type":"if","locations":[{"start":{"line":69,"column":6},"end":{"line":72,"column":null}},{"start":{},"end":{}}],"line":69},"4":{"loc":{"start":{"line":81,"column":6},"end":{"line":83,"column":null}},"type":"if","locations":[{"start":{"line":81,"column":6},"end":{"line":83,"column":null}},{"start":{},"end":{}}],"line":81},"5":{"loc":{"start":{"line":85,"column":6},"end":{"line":87,"column":null}},"type":"if","locations":[{"start":{"line":85,"column":6},"end":{"line":87,"column":null}},{"start":{},"end":{}}],"line":85},"6":{"loc":{"start":{"line":106,"column":4},"end":{"line":108,"column":null}},"type":"if","locations":[{"start":{"line":106,"column":4},"end":{"line":108,"column":null}},{"start":{},"end":{}}],"line":106},"7":{"loc":{"start":{"line":109,"column":11},"end":{"line":109,"column":null}},"type":"binary-expr","locations":[{"start":{"line":109,"column":11},"end":{"line":109,"column":61}},{"start":{"line":109,"column":61},"end":{"line":109,"column":107}},{"start":{"line":109,"column":107},"end":{"line":109,"column":null}}],"line":109},"8":{"loc":{"start":{"line":113,"column":4},"end":{"line":113,"column":null}},"type":"if","locations":[{"start":{"line":113,"column":4},"end":{"line":113,"column":null}},{"start":{},"end":{}}],"line":113},"9":{"loc":{"start":{"line":123,"column":22},"end":{"line":123,"column":null}},"type":"binary-expr","locations":[{"start":{"line":123,"column":22},"end":{"line":123,"column":32}},{"start":{"line":123,"column":32},"end":{"line":123,"column":null}}],"line":123},"10":{"loc":{"start":{"line":124,"column":11},"end":{"line":124,"column":null}},"type":"cond-expr","locations":[{"start":{"line":124,"column":23},"end":{"line":124,"column":52}},{"start":{"line":124,"column":52},"end":{"line":124,"column":null}}],"line":124},"11":{"loc":{"start":{"line":127,"column":22},"end":{"line":127,"column":null}},"type":"binary-expr","locations":[{"start":{"line":127,"column":22},"end":{"line":127,"column":32}},{"start":{"line":127,"column":32},"end":{"line":127,"column":null}}],"line":127},"12":{"loc":{"start":{"line":128,"column":11},"end":{"line":128,"column":null}},"type":"cond-expr","locations":[{"start":{"line":128,"column":23},"end":{"line":128,"column":51}},{"start":{"line":128,"column":51},"end":{"line":128,"column":null}}],"line":128},"13":{"loc":{"start":{"line":131,"column":24},"end":{"line":131,"column":null}},"type":"cond-expr","locations":[{"start":{"line":131,"column":51},"end":{"line":131,"column":68}},{"start":{"line":131,"column":68},"end":{"line":131,"column":null}}],"line":131},"14":{"loc":{"start":{"line":133,"column":2},"end":{"line":142,"column":null}},"type":"if","locations":[{"start":{"line":133,"column":2},"end":{"line":142,"column":null}},{"start":{},"end":{}}],"line":133},"15":{"loc":{"start":{"line":144,"column":2},"end":{"line":156,"column":null}},"type":"if","locations":[{"start":{"line":144,"column":2},"end":{"line":156,"column":null}},{"start":{},"end":{}}],"line":144},"16":{"loc":{"start":{"line":182,"column":12},"end":{"line":184,"column":null}},"type":"cond-expr","locations":[{"start":{"line":183,"column":16},"end":{"line":183,"column":null}},{"start":{"line":184,"column":16},"end":{"line":184,"column":null}}],"line":182},"17":{"loc":{"start":{"line":192,"column":12},"end":{"line":194,"column":null}},"type":"cond-expr","locations":[{"start":{"line":193,"column":16},"end":{"line":193,"column":null}},{"start":{"line":194,"column":16},"end":{"line":194,"column":null}}],"line":192},"18":{"loc":{"start":{"line":203,"column":9},"end":{"line":283,"column":null}},"type":"cond-expr","locations":[{"start":{"line":204,"column":10},"end":{"line":207,"column":null}},{"start":{"line":209,"column":10},"end":{"line":283,"column":null}}],"line":203},"19":{"loc":{"start":{"line":235,"column":24},"end":{"line":237,"column":null}},"type":"cond-expr","locations":[{"start":{"line":236,"column":26},"end":{"line":236,"column":null}},{"start":{"line":237,"column":26},"end":{"line":237,"column":null}}],"line":235},"20":{"loc":{"start":{"line":235,"column":24},"end":{"line":235,"column":null}},"type":"binary-expr","locations":[{"start":{"line":235,"column":24},"end":{"line":235,"column":38}},{"start":{"line":235,"column":38},"end":{"line":235,"column":null}}],"line":235},"21":{"loc":{"start":{"line":236,"column":36},"end":{"line":236,"column":72}},"type":"binary-expr","locations":[{"start":{"line":236,"column":36},"end":{"line":236,"column":50}},{"start":{"line":236,"column":50},"end":{"line":236,"column":72}}],"line":236},"22":{"loc":{"start":{"line":240,"column":19},"end":{"line":244,"column":null}},"type":"binary-expr","locations":[{"start":{"line":240,"column":19},"end":{"line":240,"column":null}},{"start":{"line":241,"column":20},"end":{"line":244,"column":null}}],"line":240},"23":{"loc":{"start":{"line":249,"column":23},"end":{"line":249,"column":null}},"type":"binary-expr","locations":[{"start":{"line":249,"column":23},"end":{"line":249,"column":57}},{"start":{"line":249,"column":57},"end":{"line":249,"column":87}},{"start":{"line":249,"column":87},"end":{"line":249,"column":null}}],"line":249},"24":{"loc":{"start":{"line":250,"column":23},"end":{"line":250,"column":84}},"type":"cond-expr","locations":[{"start":{"line":250,"column":48},"end":{"line":250,"column":81}},{"start":{"line":250,"column":81},"end":{"line":250,"column":84}}],"line":250},"25":{"loc":{"start":{"line":253,"column":16},"end":{"line":261,"column":null}},"type":"binary-expr","locations":[{"start":{"line":256,"column":18},"end":{"line":256,"column":32}},{"start":{"line":256,"column":32},"end":{"line":256,"column":null}},{"start":{"line":257,"column":18},"end":{"line":261,"column":null}}],"line":253},"26":{"loc":{"start":{"line":259,"column":34},"end":{"line":259,"column":67}},"type":"binary-expr","locations":[{"start":{"line":259,"column":34},"end":{"line":259,"column":48}},{"start":{"line":259,"column":48},"end":{"line":259,"column":67}}],"line":259},"27":{"loc":{"start":{"line":268,"column":22},"end":{"line":270,"column":null}},"type":"cond-expr","locations":[{"start":{"line":269,"column":26},"end":{"line":269,"column":null}},{"start":{"line":270,"column":26},"end":{"line":270,"column":null}}],"line":268},"28":{"loc":{"start":{"line":273,"column":21},"end":{"line":273,"column":null}},"type":"cond-expr","locations":[{"start":{"line":273,"column":43},"end":{"line":273,"column":56}},{"start":{"line":273,"column":56},"end":{"line":273,"column":null}}],"line":273},"29":{"loc":{"start":{"line":288,"column":7},"end":{"line":392,"column":null}},"type":"binary-expr","locations":[{"start":{"line":288,"column":7},"end":{"line":288,"column":null}},{"start":{"line":289,"column":8},"end":{"line":392,"column":null}}],"line":288},"30":{"loc":{"start":{"line":309,"column":18},"end":{"line":313,"column":null}},"type":"binary-expr","locations":[{"start":{"line":310,"column":20},"end":{"line":310,"column":42}},{"start":{"line":310,"column":42},"end":{"line":310,"column":null}},{"start":{"line":311,"column":20},"end":{"line":313,"column":null}}],"line":309},"31":{"loc":{"start":{"line":312,"column":34},"end":{"line":312,"column":83}},"type":"binary-expr","locations":[{"start":{"line":312,"column":34},"end":{"line":312,"column":56}},{"start":{"line":312,"column":56},"end":{"line":312,"column":83}}],"line":312},"32":{"loc":{"start":{"line":326,"column":26},"end":{"line":328,"column":null}},"type":"cond-expr","locations":[{"start":{"line":327,"column":28},"end":{"line":327,"column":null}},{"start":{"line":328,"column":28},"end":{"line":328,"column":null}}],"line":326},"33":{"loc":{"start":{"line":326,"column":26},"end":{"line":326,"column":null}},"type":"binary-expr","locations":[{"start":{"line":326,"column":26},"end":{"line":326,"column":48}},{"start":{"line":326,"column":48},"end":{"line":326,"column":null}}],"line":326},"34":{"loc":{"start":{"line":327,"column":38},"end":{"line":327,"column":90}},"type":"binary-expr","locations":[{"start":{"line":327,"column":38},"end":{"line":327,"column":60}},{"start":{"line":327,"column":60},"end":{"line":327,"column":90}}],"line":327},"35":{"loc":{"start":{"line":342,"column":17},"end":{"line":351,"column":null}},"type":"binary-expr","locations":[{"start":{"line":342,"column":17},"end":{"line":342,"column":null}},{"start":{"line":343,"column":18},"end":{"line":351,"column":null}}],"line":342},"36":{"loc":{"start":{"line":359,"column":25},"end":{"line":359,"column":null}},"type":"binary-expr","locations":[{"start":{"line":359,"column":25},"end":{"line":359,"column":67}},{"start":{"line":359,"column":67},"end":{"line":359,"column":105}},{"start":{"line":359,"column":105},"end":{"line":359,"column":null}}],"line":359},"37":{"loc":{"start":{"line":360,"column":25},"end":{"line":360,"column":102}},"type":"cond-expr","locations":[{"start":{"line":360,"column":58},"end":{"line":360,"column":99}},{"start":{"line":360,"column":99},"end":{"line":360,"column":102}}],"line":360},"38":{"loc":{"start":{"line":371,"column":19},"end":{"line":386,"column":null}},"type":"cond-expr","locations":[{"start":{"line":372,"column":20},"end":{"line":378,"column":null}},{"start":{"line":380,"column":20},"end":{"line":386,"column":null}}],"line":371},"39":{"loc":{"start":{"line":396,"column":7},"end":{"line":475,"column":null}},"type":"binary-expr","locations":[{"start":{"line":396,"column":7},"end":{"line":396,"column":null}},{"start":{"line":397,"column":8},"end":{"line":475,"column":null}}],"line":396}},"s":{"0":2,"1":0,"2":0,"3":0,"4":0,"5":0,"6":0,"7":0,"8":0,"9":0,"10":0,"11":0,"12":0,"13":0,"14":0,"15":0,"16":0,"17":0,"18":0,"19":0,"20":0,"21":0,"22":0,"23":0,"24":0,"25":0,"26":0,"27":0,"28":0,"29":0,"30":0,"31":0,"32":0,"33":0,"34":0,"35":0,"36":0,"37":0,"38":0,"39":0,"40":0,"41":0,"42":0,"43":0,"44":0,"45":0,"46":0,"47":0,"48":0,"49":0,"50":0,"51":0,"52":0,"53":0,"54":0,"55":0,"56":0,"57":0,"58":0,"59":0,"60":0,"61":0,"62":0,"63":0,"64":0,"65":0,"66":0,"67":0,"68":0,"69":0,"70":0,"71":0,"72":0,"73":0,"74":0,"75":0,"76":0,"77":0,"78":0,"79":0,"80":0,"81":0,"82":0,"83":0,"84":0,"85":0,"86":0,"87":0,"88":0,"89":0,"90":0,"91":0,"92":0,"93":0,"94":0,"95":0,"96":0,"97":0,"98":0,"99":0},"f":{"0":0,"1":0,"2":0,"3":0,"4":0,"5":0,"6":0,"7":0,"8":0,"9":0,"10":0,"11":0,"12":0,"13":0,"14":0,"15":0,"16":0,"17":0,"18":0,"19":0,"20":0,"21":0,"22":0,"23":0,"24":0,"25":0},"b":{"0":[0,0],"1":[0,0],"2":[0,0],"3":[0,0],"4":[0,0],"5":[0,0],"6":[0,0],"7":[0,0,0],"8":[0,0],"9":[0,0],"10":[0,0],"11":[0,0],"12":[0,0],"13":[0,0],"14":[0,0],"15":[0,0],"16":[0,0],"17":[0,0],"18":[0,0],"19":[0,0],"20":[0,0],"21":[0,0],"22":[0,0],"23":[0,0,0],"24":[0,0],"25":[0,0,0],"26":[0,0],"27":[0,0],"28":[0,0],"29":[0,0],"30":[0,0,0],"31":[0,0],"32":[0,0],"33":[0,0],"34":[0,0],"35":[0,0],"36":[0,0,0],"37":[0,0],"38":[0,0],"39":[0,0]},"meta":{"lastBranch":40,"lastFunction":26,"lastStatement":100,"seen":{"s:5:15:479:Infinity":0,"f:5:15:5:21":0,"s:6:32:6:Infinity":1,"s:7:40:7:Infinity":2,"s:8:26:8:Infinity":3,"s:9:28:9:Infinity":4,"s:10:24:10:Infinity":5,"s:11:32:11:Infinity":6,"s:12:44:12:Infinity":7,"s:13:40:13:Infinity":8,"s:14:52:14:Infinity":9,"s:15:38:15:Infinity":10,"s:16:38:16:Infinity":11,"s:17:46:17:Infinity":12,"s:19:2:23:Infinity":13,"f:19:12:19:18":1,"s:20:18:20:Infinity":14,"b:20:18:20:56:20:56:20:Infinity":0,"s:21:4:21:Infinity":15,"s:22:4:22:Infinity":16,"s:25:22:41:Infinity":17,"f:25:22:25:34":2,"s:26:4:40:Infinity":18,"s:27:6:27:Infinity":19,"s:28:19:28:Infinity":20,"s:30:28:32:Infinity":21,"f:30:51:30:Infinity":3,"s:31:8:31:Infinity":22,"b:31:8:31:47:31:47:31:Infinity":1,"s:33:6:33:Infinity":23,"s:34:6:34:Infinity":24,"s:36:6:36:Infinity":25,"s:37:6:37:Infinity":26,"s:39:6:39:Infinity":27,"s:43:26:51:Infinity":28,"f:43:26:43:33":4,"s:44:4:50:Infinity":29,"s:45:6:45:Infinity":30,"s:46:6:46:Infinity":31,"s:48:6:48:Infinity":32,"s:49:6:49:Infinity":33,"s:53:27:61:Infinity":34,"f:53:27:53:34":5,"s:54:4:60:Infinity":35,"s:55:6:55:Infinity":36,"s:56:6:56:Infinity":37,"s:58:6:58:Infinity":38,"s:59:6:59:Infinity":39,"s:63:28:102:Infinity":40,"f:63:28:63:40":6,"b:64:4:64:Infinity:undefined:undefined:undefined:undefined":2,"s:64:4:64:Infinity":41,"s:64:31:64:Infinity":42,"s:66:4:101:Infinity":43,"s:68:26:68:Infinity":44,"b:69:6:72:Infinity:undefined:undefined:undefined:undefined":3,"s:69:6:72:Infinity":45,"s:70:24:70:Infinity":46,"s:71:8:71:Infinity":47,"s:74:29:79:Infinity":48,"b:81:6:83:Infinity:undefined:undefined:undefined:undefined":4,"s:81:6:83:Infinity":49,"s:82:8:82:Infinity":50,"b:85:6:87:Infinity:undefined:undefined:undefined:undefined":5,"s:85:6:87:Infinity":51,"s:86:8:86:Infinity":52,"s:89:6:89:Infinity":53,"s:91:6:91:Infinity":54,"s:92:6:92:Infinity":55,"s:93:6:93:Infinity":56,"s:94:6:94:Infinity":57,"s:95:6:95:Infinity":58,"s:96:6:96:Infinity":59,"s:97:6:97:Infinity":60,"s:99:6:99:Infinity":61,"s:100:6:100:Infinity":62,"s:104:23:110:Infinity":63,"f:104:23:104:24":7,"b:106:4:108:Infinity:undefined:undefined:undefined:undefined":6,"s:106:4:108:Infinity":64,"s:107:6:107:Infinity":65,"s:109:4:109:Infinity":66,"b:109:11:109:61:109:61:109:107:109:107:109:Infinity":7,"s:112:21:119:Infinity":67,"f:112:21:112:22":8,"b:113:4:113:Infinity:undefined:undefined:undefined:undefined":8,"s:113:4:113:Infinity":68,"s:113:15:113:Infinity":69,"s:115:22:115:Infinity":70,"s:116:4:118:Infinity":71,"f:116:36:116:Infinity":9,"s:117:6:117:Infinity":72,"s:121:14:121:Infinity":73,"s:122:25:125:Infinity":74,"f:122:39:122:44":10,"s:123:22:123:Infinity":75,"b:123:22:123:32:123:32:123:Infinity":9,"s:124:4:124:Infinity":76,"b:124:23:124:52:124:52:124:Infinity":10,"s:126:21:129:Infinity":77,"f:126:35:126:40":11,"s:127:22:127:Infinity":78,"b:127:22:127:32:127:32:127:Infinity":11,"s:128:4:128:Infinity":79,"b:128:23:128:51:128:51:128:Infinity":12,"s:131:24:131:Infinity":80,"b:131:51:131:68:131:68:131:Infinity":13,"b:133:2:142:Infinity:undefined:undefined:undefined:undefined":14,"s:133:2:142:Infinity":81,"s:134:4:140:Infinity":82,"b:144:2:156:Infinity:undefined:undefined:undefined:undefined":15,"s:144:2:156:Infinity":83,"s:145:4:154:Infinity":84,"s:158:2:477:Infinity":85,"f:169:19:169:25":12,"s:169:25:169:Infinity":86,"f:180:19:180:25":13,"s:180:25:180:Infinity":87,"b:183:16:183:Infinity:184:16:184:Infinity":16,"f:190:19:190:25":14,"s:190:25:190:Infinity":88,"b:193:16:193:Infinity:194:16:194:Infinity":17,"b:204:10:207:Infinity:209:10:283:Infinity":18,"f:209:28:209:29":15,"s:210:12:282:Infinity":89,"f:212:23:212:29":16,"s:212:29:212:Infinity":90,"b:236:26:236:Infinity:237:26:237:Infinity":19,"b:235:24:235:38:235:38:235:Infinity":20,"b:236:36:236:50:236:50:236:72":21,"b:240:19:240:Infinity:241:20:244:Infinity":22,"b:249:23:249:57:249:57:249:87:249:87:249:Infinity":23,"b:250:48:250:81:250:81:250:84":24,"b:256:18:256:32:256:32:256:Infinity:257:18:261:Infinity":25,"b:259:34:259:48:259:48:259:67":26,"b:269:26:269:Infinity:270:26:270:Infinity":27,"b:273:43:273:56:273:56:273:Infinity":28,"b:288:7:288:Infinity:289:8:392:Infinity":29,"f:295:25:295:31":17,"s:295:31:295:Infinity":91,"b:310:20:310:42:310:42:310:Infinity:311:20:313:Infinity":30,"b:312:34:312:56:312:56:312:83":31,"b:327:28:327:Infinity:328:28:328:Infinity":32,"b:326:26:326:48:326:48:326:Infinity":33,"b:327:38:327:60:327:60:327:90":34,"b:342:17:342:Infinity:343:18:351:Infinity":35,"b:359:25:359:67:359:67:359:105:359:105:359:Infinity":36,"b:360:58:360:99:360:99:360:102":37,"b:372:20:378:Infinity:380:20:386:Infinity":38,"f:373:31:373:37":18,"s:373:37:373:Infinity":92,"f:381:31:381:37":19,"s:381:37:381:Infinity":93,"b:396:7:396:Infinity:397:8:475:Infinity":39,"f:408:28:408:29":20,"s:408:35:408:Infinity":94,"f:417:28:417:29":21,"s:417:35:417:Infinity":95,"f:427:28:427:29":22,"s:427:35:427:Infinity":96,"f:444:28:444:29":23,"s:444:35:444:Infinity":97,"f:453:28:453:29":24,"s:453:35:453:Infinity":98,"f:460:27:460:33":25,"s:460:33:460:Infinity":99}}}
,"C:\\Users\\yasso\\Desktop\\projet integration\\Nexium_Project\\src\\components\\Dashboard\\Learning.tsx": {"path":"C:\\Users\\yasso\\Desktop\\projet integration\\Nexium_Project\\src\\components\\Dashboard\\Learning.tsx","statementMap":{"0":{"start":{"line":5,"column":17},"end":{"line":411,"column":null}},"1":{"start":{"line":6,"column":24},"end":{"line":6,"column":null}},"2":{"start":{"line":7,"column":28},"end":{"line":7,"column":null}},"3":{"start":{"line":8,"column":24},"end":{"line":8,"column":null}},"4":{"start":{"line":9,"column":32},"end":{"line":9,"column":null}},"5":{"start":{"line":10,"column":34},"end":{"line":10,"column":null}},"6":{"start":{"line":11,"column":36},"end":{"line":11,"column":null}},"7":{"start":{"line":13,"column":2},"end":{"line":15,"column":null}},"8":{"start":{"line":14,"column":4},"end":{"line":14,"column":null}},"9":{"start":{"line":17,"column":21},"end":{"line":29,"column":null}},"10":{"start":{"line":18,"column":4},"end":{"line":28,"column":null}},"11":{"start":{"line":19,"column":6},"end":{"line":19,"column":null}},"12":{"start":{"line":20,"column":19},"end":{"line":20,"column":null}},"13":{"start":{"line":21,"column":6},"end":{"line":21,"column":null}},"14":{"start":{"line":22,"column":6},"end":{"line":22,"column":null}},"15":{"start":{"line":24,"column":6},"end":{"line":24,"column":null}},"16":{"start":{"line":25,"column":6},"end":{"line":25,"column":null}},"17":{"start":{"line":27,"column":6},"end":{"line":27,"column":null}},"18":{"start":{"line":31,"column":28},"end":{"line":52,"column":null}},"19":{"start":{"line":33,"column":20},"end":{"line":33,"column":null}},"20":{"start":{"line":34,"column":4},"end":{"line":37,"column":null}},"21":{"start":{"line":35,"column":6},"end":{"line":35,"column":null}},"22":{"start":{"line":36,"column":6},"end":{"line":36,"column":null}},"23":{"start":{"line":39,"column":4},"end":{"line":51,"column":null}},"24":{"start":{"line":40,"column":6},"end":{"line":40,"column":null}},"25":{"start":{"line":41,"column":6},"end":{"line":41,"column":null}},"26":{"start":{"line":42,"column":6},"end":{"line":42,"column":null}},"27":{"start":{"line":43,"column":6},"end":{"line":43,"column":null}},"28":{"start":{"line":44,"column":6},"end":{"line":44,"column":null}},"29":{"start":{"line":46,"column":6},"end":{"line":46,"column":null}},"30":{"start":{"line":47,"column":6},"end":{"line":47,"column":null}},"31":{"start":{"line":48,"column":6},"end":{"line":48,"column":null}},"32":{"start":{"line":50,"column":6},"end":{"line":50,"column":null}},"33":{"start":{"line":54,"column":27},"end":{"line":60,"column":null}},"34":{"start":{"line":55,"column":17},"end":{"line":55,"column":null}},"35":{"start":{"line":56,"column":4},"end":{"line":56,"column":null}},"36":{"start":{"line":56,"column":15},"end":{"line":56,"column":null}},"37":{"start":{"line":58,"column":4},"end":{"line":58,"column":null}},"38":{"start":{"line":59,"column":4},"end":{"line":59,"column":null}},"39":{"start":{"line":62,"column":25},"end":{"line":65,"column":null}},"40":{"start":{"line":63,"column":4},"end":{"line":63,"column":null}},"41":{"start":{"line":64,"column":4},"end":{"line":64,"column":null}},"42":{"start":{"line":67,"column":26},"end":{"line":70,"column":null}},"43":{"start":{"line":68,"column":4},"end":{"line":68,"column":null}},"44":{"start":{"line":69,"column":4},"end":{"line":69,"column":null}},"45":{"start":{"line":72,"column":21},"end":{"line":80,"column":null}},"46":{"start":{"line":73,"column":4},"end":{"line":73,"column":null}},"47":{"start":{"line":74,"column":4},"end":{"line":74,"column":null}},"48":{"start":{"line":76,"column":17},"end":{"line":76,"column":null}},"49":{"start":{"line":77,"column":4},"end":{"line":79,"column":null}},"50":{"start":{"line":78,"column":6},"end":{"line":78,"column":null}},"51":{"start":{"line":82,"column":25},"end":{"line":91,"column":null}},"52":{"start":{"line":83,"column":4},"end":{"line":90,"column":null}},"53":{"start":{"line":84,"column":6},"end":{"line":84,"column":null}},"54":{"start":{"line":85,"column":6},"end":{"line":85,"column":null}},"55":{"start":{"line":87,"column":6},"end":{"line":87,"column":null}},"56":{"start":{"line":88,"column":6},"end":{"line":88,"column":null}},"57":{"start":{"line":89,"column":6},"end":{"line":89,"column":null}},"58":{"start":{"line":93,"column":25},"end":{"line":98,"column":null}},"59":{"start":{"line":94,"column":4},"end":{"line":94,"column":null}},"60":{"start":{"line":94,"column":21},"end":{"line":94,"column":null}},"61":{"start":{"line":95,"column":4},"end":{"line":95,"column":null}},"62":{"start":{"line":95,"column":22},"end":{"line":95,"column":null}},"63":{"start":{"line":96,"column":4},"end":{"line":96,"column":null}},"64":{"start":{"line":96,"column":29},"end":{"line":96,"column":null}},"65":{"start":{"line":97,"column":4},"end":{"line":97,"column":null}},"66":{"start":{"line":100,"column":22},"end":{"line":148,"column":null}},"67":{"start":{"line":101,"column":16},"end":{"line":101,"column":null}},"68":{"start":{"line":103,"column":4},"end":{"line":147,"column":null}},"69":{"start":{"line":108,"column":8},"end":{"line":108,"column":null}},"70":{"start":{"line":115,"column":8},"end":{"line":115,"column":null}},"71":{"start":{"line":120,"column":8},"end":{"line":120,"column":null}},"72":{"start":{"line":126,"column":8},"end":{"line":126,"column":null}},"73":{"start":{"line":132,"column":8},"end":{"line":132,"column":null}},"74":{"start":{"line":144,"column":8},"end":{"line":144,"column":null}},"75":{"start":{"line":146,"column":8},"end":{"line":146,"column":null}},"76":{"start":{"line":150,"column":23},"end":{"line":198,"column":null}},"77":{"start":{"line":151,"column":16},"end":{"line":151,"column":null}},"78":{"start":{"line":153,"column":4},"end":{"line":197,"column":null}},"79":{"start":{"line":155,"column":8},"end":{"line":155,"column":null}},"80":{"start":{"line":158,"column":8},"end":{"line":158,"column":null}},"81":{"start":{"line":165,"column":8},"end":{"line":165,"column":null}},"82":{"start":{"line":170,"column":8},"end":{"line":170,"column":null}},"83":{"start":{"line":176,"column":8},"end":{"line":176,"column":null}},"84":{"start":{"line":182,"column":8},"end":{"line":182,"column":null}},"85":{"start":{"line":194,"column":8},"end":{"line":194,"column":null}},"86":{"start":{"line":196,"column":8},"end":{"line":196,"column":null}},"87":{"start":{"line":200,"column":2},"end":{"line":409,"column":null}},"88":{"start":{"line":243,"column":27},"end":{"line":243,"column":null}},"89":{"start":{"line":275,"column":57},"end":{"line":275,"column":71}},"90":{"start":{"line":287,"column":37},"end":{"line":287,"column":null}},"91":{"start":{"line":288,"column":33},"end":{"line":288,"column":null}},"92":{"start":{"line":289,"column":18},"end":{"line":289,"column":null}},"93":{"start":{"line":290,"column":18},"end":{"line":290,"column":null}},"94":{"start":{"line":342,"column":31},"end":{"line":342,"column":null}},"95":{"start":{"line":368,"column":16},"end":{"line":368,"column":null}},"96":{"start":{"line":371,"column":33},"end":{"line":371,"column":null}},"97":{"start":{"line":372,"column":35},"end":{"line":372,"column":null}},"98":{"start":{"line":374,"column":16},"end":{"line":403,"column":null}},"99":{"start":{"line":395,"column":41},"end":{"line":395,"column":null}}},"fnMap":{"0":{"name":"(anonymous_0)","decl":{"start":{"line":5,"column":17},"end":{"line":5,"column":23}},"loc":{"start":{"line":5,"column":23},"end":{"line":411,"column":null}},"line":5},"1":{"name":"(anonymous_1)","decl":{"start":{"line":13,"column":12},"end":{"line":13,"column":18}},"loc":{"start":{"line":13,"column":18},"end":{"line":15,"column":5}},"line":13},"2":{"name":"(anonymous_2)","decl":{"start":{"line":17,"column":21},"end":{"line":17,"column":33}},"loc":{"start":{"line":17,"column":33},"end":{"line":29,"column":null}},"line":17},"3":{"name":"(anonymous_3)","decl":{"start":{"line":31,"column":28},"end":{"line":31,"column":35}},"loc":{"start":{"line":31,"column":50},"end":{"line":52,"column":null}},"line":31},"4":{"name":"(anonymous_4)","decl":{"start":{"line":54,"column":27},"end":{"line":54,"column":34}},"loc":{"start":{"line":54,"column":81},"end":{"line":60,"column":null}},"line":54},"5":{"name":"(anonymous_5)","decl":{"start":{"line":62,"column":25},"end":{"line":62,"column":26}},"loc":{"start":{"line":62,"column":49},"end":{"line":65,"column":null}},"line":62},"6":{"name":"(anonymous_6)","decl":{"start":{"line":67,"column":26},"end":{"line":67,"column":27}},"loc":{"start":{"line":67,"column":50},"end":{"line":70,"column":null}},"line":67},"7":{"name":"(anonymous_7)","decl":{"start":{"line":72,"column":21},"end":{"line":72,"column":28}},"loc":{"start":{"line":72,"column":51},"end":{"line":80,"column":null}},"line":72},"8":{"name":"(anonymous_8)","decl":{"start":{"line":82,"column":25},"end":{"line":82,"column":32}},"loc":{"start":{"line":82,"column":53},"end":{"line":91,"column":null}},"line":82},"9":{"name":"(anonymous_9)","decl":{"start":{"line":93,"column":25},"end":{"line":93,"column":26}},"loc":{"start":{"line":93,"column":44},"end":{"line":98,"column":null}},"line":93},"10":{"name":"(anonymous_10)","decl":{"start":{"line":100,"column":22},"end":{"line":100,"column":23}},"loc":{"start":{"line":100,"column":44},"end":{"line":148,"column":null}},"line":100},"11":{"name":"(anonymous_11)","decl":{"start":{"line":150,"column":23},"end":{"line":150,"column":24}},"loc":{"start":{"line":150,"column":45},"end":{"line":198,"column":null}},"line":150},"12":{"name":"(anonymous_12)","decl":{"start":{"line":243,"column":21},"end":{"line":243,"column":27}},"loc":{"start":{"line":243,"column":27},"end":{"line":243,"column":null}},"line":243},"13":{"name":"(anonymous_13)","decl":{"start":{"line":275,"column":45},"end":{"line":275,"column":46}},"loc":{"start":{"line":275,"column":57},"end":{"line":275,"column":71}},"line":275},"14":{"name":"(anonymous_14)","decl":{"start":{"line":286,"column":30},"end":{"line":286,"column":35}},"loc":{"start":{"line":286,"column":35},"end":{"line":291,"column":17}},"line":286},"15":{"name":"(anonymous_15)","decl":{"start":{"line":342,"column":24},"end":{"line":342,"column":25}},"loc":{"start":{"line":342,"column":31},"end":{"line":342,"column":null}},"line":342},"16":{"name":"(anonymous_16)","decl":{"start":{"line":367,"column":22},"end":{"line":367,"column":null}},"loc":{"start":{"line":368,"column":16},"end":{"line":368,"column":null}},"line":368},"17":{"name":"(anonymous_17)","decl":{"start":{"line":370,"column":19},"end":{"line":370,"column":20}},"loc":{"start":{"line":370,"column":36},"end":{"line":405,"column":15}},"line":370},"18":{"name":"(anonymous_18)","decl":{"start":{"line":395,"column":35},"end":{"line":395,"column":41}},"loc":{"start":{"line":395,"column":41},"end":{"line":395,"column":null}},"line":395}},"branchMap":{"0":{"loc":{"start":{"line":34,"column":4},"end":{"line":37,"column":null}},"type":"if","locations":[{"start":{"line":34,"column":4},"end":{"line":37,"column":null}},{"start":{},"end":{}}],"line":34},"1":{"loc":{"start":{"line":47,"column":15},"end":{"line":47,"column":53}},"type":"binary-expr","locations":[{"start":{"line":47,"column":15},"end":{"line":47,"column":30}},{"start":{"line":47,"column":30},"end":{"line":47,"column":53}}],"line":47},"2":{"loc":{"start":{"line":48,"column":38},"end":{"line":48,"column":68}},"type":"binary-expr","locations":[{"start":{"line":48,"column":38},"end":{"line":48,"column":53}},{"start":{"line":48,"column":53},"end":{"line":48,"column":68}}],"line":48},"3":{"loc":{"start":{"line":56,"column":4},"end":{"line":56,"column":null}},"type":"if","locations":[{"start":{"line":56,"column":4},"end":{"line":56,"column":null}},{"start":{},"end":{}}],"line":56},"4":{"loc":{"start":{"line":77,"column":4},"end":{"line":79,"column":null}},"type":"if","locations":[{"start":{"line":77,"column":4},"end":{"line":79,"column":null}},{"start":{},"end":{}}],"line":77},"5":{"loc":{"start":{"line":88,"column":15},"end":{"line":88,"column":55}},"type":"binary-expr","locations":[{"start":{"line":88,"column":15},"end":{"line":88,"column":30}},{"start":{"line":88,"column":30},"end":{"line":88,"column":55}}],"line":88},"6":{"loc":{"start":{"line":89,"column":40},"end":{"line":89,"column":70}},"type":"binary-expr","locations":[{"start":{"line":89,"column":40},"end":{"line":89,"column":55}},{"start":{"line":89,"column":55},"end":{"line":89,"column":70}}],"line":89},"7":{"loc":{"start":{"line":94,"column":4},"end":{"line":94,"column":null}},"type":"if","locations":[{"start":{"line":94,"column":4},"end":{"line":94,"column":null}},{"start":{},"end":{}}],"line":94},"8":{"loc":{"start":{"line":95,"column":4},"end":{"line":95,"column":null}},"type":"if","locations":[{"start":{"line":95,"column":4},"end":{"line":95,"column":null}},{"start":{},"end":{}}],"line":95},"9":{"loc":{"start":{"line":96,"column":4},"end":{"line":96,"column":null}},"type":"if","locations":[{"start":{"line":96,"column":4},"end":{"line":96,"column":null}},{"start":{},"end":{}}],"line":96},"10":{"loc":{"start":{"line":103,"column":4},"end":{"line":147,"column":null}},"type":"switch","locations":[{"start":{"line":104,"column":6},"end":{"line":104,"column":null}},{"start":{"line":105,"column":6},"end":{"line":105,"column":null}},{"start":{"line":106,"column":6},"end":{"line":106,"column":null}},{"start":{"line":107,"column":6},"end":{"line":108,"column":null}},{"start":{"line":109,"column":6},"end":{"line":109,"column":null}},{"start":{"line":110,"column":6},"end":{"line":110,"column":null}},{"start":{"line":111,"column":6},"end":{"line":111,"column":null}},{"start":{"line":112,"column":6},"end":{"line":112,"column":null}},{"start":{"line":113,"column":6},"end":{"line":113,"column":null}},{"start":{"line":114,"column":6},"end":{"line":115,"column":null}},{"start":{"line":116,"column":6},"end":{"line":116,"column":null}},{"start":{"line":117,"column":6},"end":{"line":117,"column":null}},{"start":{"line":118,"column":6},"end":{"line":118,"column":null}},{"start":{"line":119,"column":6},"end":{"line":120,"column":null}},{"start":{"line":121,"column":6},"end":{"line":121,"column":null}},{"start":{"line":122,"column":6},"end":{"line":122,"column":null}},{"start":{"line":123,"column":6},"end":{"line":123,"column":null}},{"start":{"line":124,"column":6},"end":{"line":124,"column":null}},{"start":{"line":125,"column":6},"end":{"line":126,"column":null}},{"start":{"line":127,"column":6},"end":{"line":127,"column":null}},{"start":{"line":128,"column":6},"end":{"line":128,"column":null}},{"start":{"line":129,"column":6},"end":{"line":129,"column":null}},{"start":{"line":130,"column":6},"end":{"line":130,"column":null}},{"start":{"line":131,"column":6},"end":{"line":132,"column":null}},{"start":{"line":133,"column":6},"end":{"line":133,"column":null}},{"start":{"line":134,"column":6},"end":{"line":134,"column":null}},{"start":{"line":135,"column":6},"end":{"line":135,"column":null}},{"start":{"line":136,"column":6},"end":{"line":136,"column":null}},{"start":{"line":137,"column":6},"end":{"line":137,"column":null}},{"start":{"line":138,"column":6},"end":{"line":138,"column":null}},{"start":{"line":139,"column":6},"end":{"line":139,"column":null}},{"start":{"line":140,"column":6},"end":{"line":140,"column":null}},{"start":{"line":141,"column":6},"end":{"line":141,"column":null}},{"start":{"line":142,"column":6},"end":{"line":142,"column":null}},{"start":{"line":143,"column":6},"end":{"line":144,"column":null}},{"start":{"line":145,"column":6},"end":{"line":146,"column":null}}],"line":103},"11":{"loc":{"start":{"line":153,"column":4},"end":{"line":197,"column":null}},"type":"switch","locations":[{"start":{"line":154,"column":6},"end":{"line":155,"column":null}},{"start":{"line":156,"column":6},"end":{"line":156,"column":null}},{"start":{"line":157,"column":6},"end":{"line":158,"column":null}},{"start":{"line":159,"column":6},"end":{"line":159,"column":null}},{"start":{"line":160,"column":6},"end":{"line":160,"column":null}},{"start":{"line":161,"column":6},"end":{"line":161,"column":null}},{"start":{"line":162,"column":6},"end":{"line":162,"column":null}},{"start":{"line":163,"column":6},"end":{"line":163,"column":null}},{"start":{"line":164,"column":6},"end":{"line":165,"column":null}},{"start":{"line":166,"column":6},"end":{"line":166,"column":null}},{"start":{"line":167,"column":6},"end":{"line":167,"column":null}},{"start":{"line":168,"column":6},"end":{"line":168,"column":null}},{"start":{"line":169,"column":6},"end":{"line":170,"column":null}},{"start":{"line":171,"column":6},"end":{"line":171,"column":null}},{"start":{"line":172,"column":6},"end":{"line":172,"column":null}},{"start":{"line":173,"column":6},"end":{"line":173,"column":null}},{"start":{"line":174,"column":6},"end":{"line":174,"column":null}},{"start":{"line":175,"column":6},"end":{"line":176,"column":null}},{"start":{"line":177,"column":6},"end":{"line":177,"column":null}},{"start":{"line":178,"column":6},"end":{"line":178,"column":null}},{"start":{"line":179,"column":6},"end":{"line":179,"column":null}},{"start":{"line":180,"column":6},"end":{"line":180,"column":null}},{"start":{"line":181,"column":6},"end":{"line":182,"column":null}},{"start":{"line":183,"column":6},"end":{"line":183,"column":null}},{"start":{"line":184,"column":6},"end":{"line":184,"column":null}},{"start":{"line":185,"column":6},"end":{"line":185,"column":null}},{"start":{"line":186,"column":6},"end":{"line":186,"column":null}},{"start":{"line":187,"column":6},"end":{"line":187,"column":null}},{"start":{"line":188,"column":6},"end":{"line":188,"column":null}},{"start":{"line":189,"column":6},"end":{"line":189,"column":null}},{"start":{"line":190,"column":6},"end":{"line":190,"column":null}},{"start":{"line":191,"column":6},"end":{"line":191,"column":null}},{"start":{"line":192,"column":6},"end":{"line":192,"column":null}},{"start":{"line":193,"column":6},"end":{"line":194,"column":null}},{"start":{"line":195,"column":6},"end":{"line":196,"column":null}}],"line":153},"12":{"loc":{"start":{"line":211,"column":10},"end":{"line":213,"column":null}},"type":"cond-expr","locations":[{"start":{"line":212,"column":14},"end":{"line":212,"column":null}},{"start":{"line":213,"column":14},"end":{"line":213,"column":null}}],"line":211},"13":{"loc":{"start":{"line":215,"column":11},"end":{"line":224,"column":null}},"type":"cond-expr","locations":[{"start":{"line":216,"column":12},"end":{"line":219,"column":null}},{"start":{"line":221,"column":12},"end":{"line":224,"column":null}}],"line":215},"14":{"loc":{"start":{"line":237,"column":7},"end":{"line":248,"column":null}},"type":"binary-expr","locations":[{"start":{"line":237,"column":7},"end":{"line":237,"column":16}},{"start":{"line":237,"column":16},"end":{"line":237,"column":null}},{"start":{"line":238,"column":8},"end":{"line":248,"column":null}}],"line":237},"15":{"loc":{"start":{"line":252,"column":7},"end":{"line":256,"column":null}},"type":"binary-expr","locations":[{"start":{"line":252,"column":7},"end":{"line":252,"column":null}},{"start":{"line":253,"column":8},"end":{"line":256,"column":null}}],"line":252},"16":{"loc":{"start":{"line":300,"column":7},"end":{"line":407,"column":null}},"type":"cond-expr","locations":[{"start":{"line":301,"column":8},"end":{"line":306,"column":null}},{"start":{"line":307,"column":10},"end":{"line":407,"column":null}}],"line":300},"17":{"loc":{"start":{"line":307,"column":10},"end":{"line":407,"column":null}},"type":"cond-expr","locations":[{"start":{"line":308,"column":8},"end":{"line":316,"column":null}},{"start":{"line":317,"column":10},"end":{"line":407,"column":null}}],"line":307},"18":{"loc":{"start":{"line":317,"column":10},"end":{"line":407,"column":null}},"type":"cond-expr","locations":[{"start":{"line":318,"column":8},"end":{"line":333,"column":null}},{"start":{"line":335,"column":8},"end":{"line":407,"column":null}}],"line":317},"19":{"loc":{"start":{"line":320,"column":12},"end":{"line":320,"column":null}},"type":"cond-expr","locations":[{"start":{"line":320,"column":25},"end":{"line":320,"column":60}},{"start":{"line":320,"column":60},"end":{"line":320,"column":null}}],"line":320},"20":{"loc":{"start":{"line":326,"column":42},"end":{"line":326,"column":89}},"type":"cond-expr","locations":[{"start":{"line":326,"column":55},"end":{"line":326,"column":73}},{"start":{"line":326,"column":73},"end":{"line":326,"column":89}}],"line":326},"21":{"loc":{"start":{"line":328,"column":13},"end":{"line":328,"column":null}},"type":"cond-expr","locations":[{"start":{"line":328,"column":26},"end":{"line":328,"column":45}},{"start":{"line":328,"column":45},"end":{"line":328,"column":null}}],"line":328},"22":{"loc":{"start":{"line":331,"column":13},"end":{"line":331,"column":null}},"type":"cond-expr","locations":[{"start":{"line":331,"column":26},"end":{"line":331,"column":48}},{"start":{"line":331,"column":48},"end":{"line":331,"column":null}}],"line":331},"23":{"loc":{"start":{"line":348,"column":11},"end":{"line":361,"column":null}},"type":"binary-expr","locations":[{"start":{"line":348,"column":11},"end":{"line":348,"column":null}},{"start":{"line":349,"column":12},"end":{"line":361,"column":null}}],"line":348},"24":{"loc":{"start":{"line":351,"column":16},"end":{"line":351,"column":null}},"type":"cond-expr","locations":[{"start":{"line":351,"column":29},"end":{"line":351,"column":64}},{"start":{"line":351,"column":64},"end":{"line":351,"column":null}}],"line":351},"25":{"loc":{"start":{"line":357,"column":46},"end":{"line":357,"column":93}},"type":"cond-expr","locations":[{"start":{"line":357,"column":59},"end":{"line":357,"column":77}},{"start":{"line":357,"column":77},"end":{"line":357,"column":93}}],"line":357},"26":{"loc":{"start":{"line":358,"column":31},"end":{"line":358,"column":78}},"type":"cond-expr","locations":[{"start":{"line":358,"column":44},"end":{"line":358,"column":62}},{"start":{"line":358,"column":62},"end":{"line":358,"column":78}}],"line":358},"27":{"loc":{"start":{"line":359,"column":17},"end":{"line":359,"column":null}},"type":"cond-expr","locations":[{"start":{"line":359,"column":30},"end":{"line":359,"column":59}},{"start":{"line":359,"column":59},"end":{"line":359,"column":null}}],"line":359},"28":{"loc":{"start":{"line":388,"column":27},"end":{"line":388,"column":null}},"type":"binary-expr","locations":[{"start":{"line":388,"column":27},"end":{"line":388,"column":44}},{"start":{"line":388,"column":44},"end":{"line":388,"column":null}}],"line":388},"29":{"loc":{"start":{"line":390,"column":27},"end":{"line":391,"column":null}},"type":"binary-expr","locations":[{"start":{"line":390,"column":27},"end":{"line":390,"column":47}},{"start":{"line":390,"column":47},"end":{"line":390,"column":null}},{"start":{"line":391,"column":28},"end":{"line":391,"column":null}}],"line":390},"30":{"loc":{"start":{"line":376,"column":25},"end":{"line":376,"column":null}},"type":"binary-expr","locations":[{"start":{"line":376,"column":25},"end":{"line":376,"column":41}},{"start":{"line":376,"column":41},"end":{"line":376,"column":null}}],"line":376}},"s":{"0":2,"1":0,"2":0,"3":0,"4":0,"5":0,"6":0,"7":0,"8":0,"9":0,"10":0,"11":0,"12":0,"13":0,"14":0,"15":0,"16":0,"17":0,"18":0,"19":0,"20":0,"21":0,"22":0,"23":0,"24":0,"25":0,"26":0,"27":0,"28":0,"29":0,"30":0,"31":0,"32":0,"33":0,"34":0,"35":0,"36":0,"37":0,"38":0,"39":0,"40":0,"41":0,"42":0,"43":0,"44":0,"45":0,"46":0,"47":0,"48":0,"49":0,"50":0,"51":0,"52":0,"53":0,"54":0,"55":0,"56":0,"57":0,"58":0,"59":0,"60":0,"61":0,"62":0,"63":0,"64":0,"65":0,"66":0,"67":0,"68":0,"69":0,"70":0,"71":0,"72":0,"73":0,"74":0,"75":0,"76":0,"77":0,"78":0,"79":0,"80":0,"81":0,"82":0,"83":0,"84":0,"85":0,"86":0,"87":0,"88":0,"89":0,"90":0,"91":0,"92":0,"93":0,"94":0,"95":0,"96":0,"97":0,"98":0,"99":0},"f":{"0":0,"1":0,"2":0,"3":0,"4":0,"5":0,"6":0,"7":0,"8":0,"9":0,"10":0,"11":0,"12":0,"13":0,"14":0,"15":0,"16":0,"17":0,"18":0},"b":{"0":[0,0],"1":[0,0],"2":[0,0],"3":[0,0],"4":[0,0],"5":[0,0],"6":[0,0],"7":[0,0],"8":[0,0],"9":[0,0],"10":[0,0,0,0,0,0,0,0,0,0,0,0,0,0,0,0,0,0,0,0,0,0,0,0,0,0,0,0,0,0,0,0,0,0,0,0],"11":[0,0,0,0,0,0,0,0,0,0,0,0,0,0,0,0,0,0,0,0,0,0,0,0,0,0,0,0,0,0,0,0,0,0,0],"12":[0,0],"13":[0,0],"14":[0,0,0],"15":[0,0],"16":[0,0],"17":[0,0],"18":[0,0],"19":[0,0],"20":[0,0],"21":[0,0],"22":[0,0],"23":[0,0],"24":[0,0],"25":[0,0],"26":[0,0],"27":[0,0],"28":[0,0],"29":[0,0,0],"30":[0,0]},"meta":{"lastBranch":31,"lastFunction":19,"lastStatement":100,"seen":{"s:5:17:411:Infinity":0,"f:5:17:5:23":0,"s:6:24:6:Infinity":1,"s:7:28:7:Infinity":2,"s:8:24:8:Infinity":3,"s:9:32:9:Infinity":4,"s:10:34:10:Infinity":5,"s:11:36:11:Infinity":6,"s:13:2:15:Infinity":7,"f:13:12:13:18":1,"s:14:4:14:Infinity":8,"s:17:21:29:Infinity":9,"f:17:21:17:33":2,"s:18:4:28:Infinity":10,"s:19:6:19:Infinity":11,"s:20:19:20:Infinity":12,"s:21:6:21:Infinity":13,"s:22:6:22:Infinity":14,"s:24:6:24:Infinity":15,"s:25:6:25:Infinity":16,"s:27:6:27:Infinity":17,"s:31:28:52:Infinity":18,"f:31:28:31:35":3,"s:33:20:33:Infinity":19,"b:34:4:37:Infinity:undefined:undefined:undefined:undefined":0,"s:34:4:37:Infinity":20,"s:35:6:35:Infinity":21,"s:36:6:36:Infinity":22,"s:39:4:51:Infinity":23,"s:40:6:40:Infinity":24,"s:41:6:41:Infinity":25,"s:42:6:42:Infinity":26,"s:43:6:43:Infinity":27,"s:44:6:44:Infinity":28,"s:46:6:46:Infinity":29,"s:47:6:47:Infinity":30,"b:47:15:47:30:47:30:47:53":1,"s:48:6:48:Infinity":31,"b:48:38:48:53:48:53:48:68":2,"s:50:6:50:Infinity":32,"s:54:27:60:Infinity":33,"f:54:27:54:34":4,"s:55:17:55:Infinity":34,"b:56:4:56:Infinity:undefined:undefined:undefined:undefined":3,"s:56:4:56:Infinity":35,"s:56:15:56:Infinity":36,"s:58:4:58:Infinity":37,"s:59:4:59:Infinity":38,"s:62:25:65:Infinity":39,"f:62:25:62:26":5,"s:63:4:63:Infinity":40,"s:64:4:64:Infinity":41,"s:67:26:70:Infinity":42,"f:67:26:67:27":6,"s:68:4:68:Infinity":43,"s:69:4:69:Infinity":44,"s:72:21:80:Infinity":45,"f:72:21:72:28":7,"s:73:4:73:Infinity":46,"s:74:4:74:Infinity":47,"s:76:17:76:Infinity":48,"b:77:4:79:Infinity:undefined:undefined:undefined:undefined":4,"s:77:4:79:Infinity":49,"s:78:6:78:Infinity":50,"s:82:25:91:Infinity":51,"f:82:25:82:32":8,"s:83:4:90:Infinity":52,"s:84:6:84:Infinity":53,"s:85:6:85:Infinity":54,"s:87:6:87:Infinity":55,"s:88:6:88:Infinity":56,"b:88:15:88:30:88:30:88:55":5,"s:89:6:89:Infinity":57,"b:89:40:89:55:89:55:89:70":6,"s:93:25:98:Infinity":58,"f:93:25:93:26":9,"b:94:4:94:Infinity:undefined:undefined:undefined:undefined":7,"s:94:4:94:Infinity":59,"s:94:21:94:Infinity":60,"b:95:4:95:Infinity:undefined:undefined:undefined:undefined":8,"s:95:4:95:Infinity":61,"s:95:22:95:Infinity":62,"b:96:4:96:Infinity:undefined:undefined:undefined:undefined":9,"s:96:4:96:Infinity":63,"s:96:29:96:Infinity":64,"s:97:4:97:Infinity":65,"s:100:22:148:Infinity":66,"f:100:22:100:23":10,"s:101:16:101:Infinity":67,"b:104:6:104:Infinity:105:6:105:Infinity:106:6:106:Infinity:107:6:108:Infinity:109:6:109:Infinity:110:6:110:Infinity:111:6:111:Infinity:112:6:112:Infinity:113:6:113:Infinity:114:6:115:Infinity:116:6:116:Infinity:117:6:117:Infinity:118:6:118:Infinity:119:6:120:Infinity:121:6:121:Infinity:122:6:122:Infinity:123:6:123:Infinity:124:6:124:Infinity:125:6:126:Infinity:127:6:127:Infinity:128:6:128:Infinity:129:6:129:Infinity:130:6:130:Infinity:131:6:132:Infinity:133:6:133:Infinity:134:6:134:Infinity:135:6:135:Infinity:136:6:136:Infinity:137:6:137:Infinity:138:6:138:Infinity:139:6:139:Infinity:140:6:140:Infinity:141:6:141:Infinity:142:6:142:Infinity:143:6:144:Infinity:145:6:146:Infinity":10,"s:103:4:147:Infinity":68,"s:108:8:108:Infinity":69,"s:115:8:115:Infinity":70,"s:120:8:120:Infinity":71,"s:126:8:126:Infinity":72,"s:132:8:132:Infinity":73,"s:144:8:144:Infinity":74,"s:146:8:146:Infinity":75,"s:150:23:198:Infinity":76,"f:150:23:150:24":11,"s:151:16:151:Infinity":77,"b:154:6:155:Infinity:156:6:156:Infinity:157:6:158:Infinity:159:6:159:Infinity:160:6:160:Infinity:161:6:161:Infinity:162:6:162:Infinity:163:6:163:Infinity:164:6:165:Infinity:166:6:166:Infinity:167:6:167:Infinity:168:6:168:Infinity:169:6:170:Infinity:171:6:171:Infinity:172:6:172:Infinity:173:6:173:Infinity:174:6:174:Infinity:175:6:176:Infinity:177:6:177:Infinity:178:6:178:Infinity:179:6:179:Infinity:180:6:180:Infinity:181:6:182:Infinity:183:6:183:Infinity:184:6:184:Infinity:185:6:185:Infinity:186:6:186:Infinity:187:6:187:Infinity:188:6:188:Infinity:189:6:189:Infinity:190:6:190:Infinity:191:6:191:Infinity:192:6:192:Infinity:193:6:194:Infinity:195:6:196:Infinity":11,"s:153:4:197:Infinity":78,"s:155:8:155:Infinity":79,"s:158:8:158:Infinity":80,"s:165:8:165:Infinity":81,"s:170:8:170:Infinity":82,"s:176:8:176:Infinity":83,"s:182:8:182:Infinity":84,"s:194:8:194:Infinity":85,"s:196:8:196:Infinity":86,"s:200:2:409:Infinity":87,"b:212:14:212:Infinity:213:14:213:Infinity":12,"b:216:12:219:Infinity:221:12:224:Infinity":13,"b:237:7:237:16:237:16:237:Infinity:238:8:248:Infinity":14,"f:243:21:243:27":12,"s:243:27:243:Infinity":88,"b:252:7:252:Infinity:253:8:256:Infinity":15,"f:275:45:275:46":13,"s:275:57:275:71":89,"f:286:30:286:35":14,"s:287:37:287:Infinity":90,"s:288:33:288:Infinity":91,"s:289:18:289:Infinity":92,"s:290:18:290:Infinity":93,"b:301:8:306:Infinity:307:10:407:Infinity":16,"b:308:8:316:Infinity:317:10:407:Infinity":17,"b:318:8:333:Infinity:335:8:407:Infinity":18,"b:320:25:320:60:320:60:320:Infinity":19,"b:326:55:326:73:326:73:326:89":20,"b:328:26:328:45:328:45:328:Infinity":21,"b:331:26:331:48:331:48:331:Infinity":22,"f:342:24:342:25":15,"s:342:31:342:Infinity":94,"b:348:11:348:Infinity:349:12:361:Infinity":23,"b:351:29:351:64:351:64:351:Infinity":24,"b:357:59:357:77:357:77:357:93":25,"b:358:44:358:62:358:62:358:78":26,"b:359:30:359:59:359:59:359:Infinity":27,"f:367:22:367:Infinity":16,"s:368:16:368:Infinity":95,"f:370:19:370:20":17,"s:371:33:371:Infinity":96,"s:372:35:372:Infinity":97,"s:374:16:403:Infinity":98,"b:388:27:388:44:388:44:388:Infinity":28,"b:390:27:390:47:390:47:390:Infinity:391:28:391:Infinity":29,"f:395:35:395:41":18,"s:395:41:395:Infinity":99,"b:376:25:376:41:376:41:376:Infinity":30}}}
,"C:\\Users\\yasso\\Desktop\\projet integration\\Nexium_Project\\src\\components\\Dashboard\\Meetings.tsx": {"path":"C:\\Users\\yasso\\Desktop\\projet integration\\Nexium_Project\\src\\components\\Dashboard\\Meetings.tsx","statementMap":{"0":{"start":{"line":5,"column":17},"end":{"line":469,"column":null}},"1":{"start":{"line":6,"column":32},"end":{"line":6,"column":null}},"2":{"start":{"line":7,"column":30},"end":{"line":7,"column":null}},"3":{"start":{"line":8,"column":28},"end":{"line":8,"column":null}},"4":{"start":{"line":9,"column":24},"end":{"line":9,"column":null}},"5":{"start":{"line":10,"column":44},"end":{"line":10,"column":null}},"6":{"start":{"line":11,"column":44},"end":{"line":11,"column":null}},"7":{"start":{"line":12,"column":46},"end":{"line":12,"column":null}},"8":{"start":{"line":13,"column":56},"end":{"line":13,"column":null}},"9":{"start":{"line":14,"column":50},"end":{"line":14,"column":null}},"10":{"start":{"line":15,"column":40},"end":{"line":15,"column":null}},"11":{"start":{"line":16,"column":48},"end":{"line":16,"column":null}},"12":{"start":{"line":17,"column":44},"end":{"line":17,"column":null}},"13":{"start":{"line":18,"column":44},"end":{"line":18,"column":null}},"14":{"start":{"line":19,"column":42},"end":{"line":19,"column":null}},"15":{"start":{"line":21,"column":2},"end":{"line":23,"column":null}},"16":{"start":{"line":22,"column":4},"end":{"line":22,"column":null}},"17":{"start":{"line":25,"column":24},"end":{"line":52,"column":null}},"18":{"start":{"line":26,"column":4},"end":{"line":51,"column":null}},"19":{"start":{"line":27,"column":6},"end":{"line":27,"column":null}},"20":{"start":{"line":28,"column":6},"end":{"line":28,"column":null}},"21":{"start":{"line":29,"column":23},"end":{"line":29,"column":null}},"22":{"start":{"line":30,"column":6},"end":{"line":30,"column":null}},"23":{"start":{"line":32,"column":6},"end":{"line":35,"column":null}},"24":{"start":{"line":33,"column":8},"end":{"line":33,"column":null}},"25":{"start":{"line":34,"column":8},"end":{"line":34,"column":null}},"26":{"start":{"line":37,"column":6},"end":{"line":37,"column":null}},"27":{"start":{"line":38,"column":6},"end":{"line":38,"column":null}},"28":{"start":{"line":39,"column":6},"end":{"line":39,"column":null}},"29":{"start":{"line":40,"column":6},"end":{"line":40,"column":null}},"30":{"start":{"line":42,"column":27},"end":{"line":42,"column":null}},"31":{"start":{"line":43,"column":6},"end":{"line":43,"column":null}},"32":{"start":{"line":44,"column":6},"end":{"line":44,"column":null}},"33":{"start":{"line":45,"column":6},"end":{"line":45,"column":null}},"34":{"start":{"line":46,"column":6},"end":{"line":46,"column":null}},"35":{"start":{"line":47,"column":6},"end":{"line":47,"column":null}},"36":{"start":{"line":48,"column":6},"end":{"line":48,"column":null}},"37":{"start":{"line":50,"column":6},"end":{"line":50,"column":null}},"38":{"start":{"line":54,"column":30},"end":{"line":81,"column":null}},"39":{"start":{"line":55,"column":4},"end":{"line":55,"column":null}},"40":{"start":{"line":55,"column":33},"end":{"line":55,"column":null}},"41":{"start":{"line":57,"column":4},"end":{"line":80,"column":null}},"42":{"start":{"line":58,"column":26},"end":{"line":61,"column":null}},"43":{"start":{"line":60,"column":22},"end":{"line":60,"column":34}},"44":{"start":{"line":61,"column":25},"end":{"line":61,"column":41}},"45":{"start":{"line":63,"column":6},"end":{"line":69,"column":null}},"46":{"start":{"line":70,"column":6},"end":{"line":70,"column":null}},"47":{"start":{"line":71,"column":6},"end":{"line":71,"column":null}},"48":{"start":{"line":72,"column":6},"end":{"line":72,"column":null}},"49":{"start":{"line":73,"column":6},"end":{"line":73,"column":null}},"50":{"start":{"line":74,"column":6},"end":{"line":74,"column":null}},"51":{"start":{"line":75,"column":6},"end":{"line":75,"column":null}},"52":{"start":{"line":76,"column":6},"end":{"line":76,"column":null}},"53":{"start":{"line":78,"column":6},"end":{"line":78,"column":null}},"54":{"start":{"line":79,"column":6},"end":{"line":79,"column":null}},"55":{"start":{"line":83,"column":28},"end":{"line":87,"column":null}},"56":{"start":{"line":84,"column":4},"end":{"line":84,"column":null}},"57":{"start":{"line":85,"column":4},"end":{"line":85,"column":null}},"58":{"start":{"line":86,"column":4},"end":{"line":86,"column":null}},"59":{"start":{"line":89,"column":33},"end":{"line":148,"column":null}},"60":{"start":{"line":90,"column":4},"end":{"line":90,"column":null}},"61":{"start":{"line":90,"column":26},"end":{"line":90,"column":null}},"62":{"start":{"line":92,"column":4},"end":{"line":147,"column":null}},"63":{"start":{"line":93,"column":6},"end":{"line":93,"column":null}},"64":{"start":{"line":94,"column":6},"end":{"line":94,"column":null}},"65":{"start":{"line":95,"column":6},"end":{"line":95,"column":null}},"66":{"start":{"line":96,"column":6},"end":{"line":96,"column":null}},"67":{"start":{"line":97,"column":6},"end":{"line":97,"column":null}},"68":{"start":{"line":99,"column":23},"end":{"line":99,"column":null}},"69":{"start":{"line":101,"column":6},"end":{"line":101,"column":null}},"70":{"start":{"line":102,"column":6},"end":{"line":102,"column":null}},"71":{"start":{"line":103,"column":6},"end":{"line":103,"column":null}},"72":{"start":{"line":104,"column":6},"end":{"line":104,"column":null}},"73":{"start":{"line":106,"column":6},"end":{"line":137,"column":null}},"74":{"start":{"line":107,"column":8},"end":{"line":107,"column":null}},"75":{"start":{"line":110,"column":8},"end":{"line":110,"column":null}},"76":{"start":{"line":111,"column":8},"end":{"line":111,"column":null}},"77":{"start":{"line":112,"column":8},"end":{"line":112,"column":null}},"78":{"start":{"line":115,"column":8},"end":{"line":133,"column":null}},"79":{"start":{"line":116,"column":10},"end":{"line":132,"column":null}},"80":{"start":{"line":118,"column":30},"end":{"line":118,"column":null}},"81":{"start":{"line":121,"column":12},"end":{"line":127,"column":null}},"82":{"start":{"line":122,"column":14},"end":{"line":122,"column":null}},"83":{"start":{"line":124,"column":14},"end":{"line":124,"column":null}},"84":{"start":{"line":126,"column":14},"end":{"line":126,"column":null}},"85":{"start":{"line":129,"column":12},"end":{"line":129,"column":null}},"86":{"start":{"line":131,"column":12},"end":{"line":131,"column":null}},"87":{"start":{"line":135,"column":8},"end":{"line":135,"column":null}},"88":{"start":{"line":136,"column":8},"end":{"line":136,"column":null}},"89":{"start":{"line":139,"column":6},"end":{"line":139,"column":null}},"90":{"start":{"line":140,"column":6},"end":{"line":140,"column":null}},"91":{"start":{"line":141,"column":6},"end":{"line":141,"column":null}},"92":{"start":{"line":142,"column":6},"end":{"line":142,"column":null}},"93":{"start":{"line":143,"column":6},"end":{"line":143,"column":null}},"94":{"start":{"line":145,"column":6},"end":{"line":145,"column":null}},"95":{"start":{"line":146,"column":6},"end":{"line":146,"column":null}},"96":{"start":{"line":150,"column":30},"end":{"line":165,"column":null}},"97":{"start":{"line":151,"column":4},"end":{"line":151,"column":null}},"98":{"start":{"line":153,"column":4},"end":{"line":155,"column":null}},"99":{"start":{"line":154,"column":6},"end":{"line":154,"column":null}},"100":{"start":{"line":157,"column":4},"end":{"line":164,"column":null}},"101":{"start":{"line":158,"column":6},"end":{"line":158,"column":null}},"102":{"start":{"line":160,"column":6},"end":{"line":160,"column":null}},"103":{"start":{"line":162,"column":6},"end":{"line":162,"column":null}},"104":{"start":{"line":163,"column":6},"end":{"line":163,"column":null}},"105":{"start":{"line":167,"column":27},"end":{"line":167,"column":null}},"106":{"start":{"line":167,"column":48},"end":{"line":167,"column":59}},"107":{"start":{"line":168,"column":27},"end":{"line":168,"column":null}},"108":{"start":{"line":168,"column":48},"end":{"line":168,"column":60}},"109":{"start":{"line":169,"column":26},"end":{"line":169,"column":null}},"110":{"start":{"line":171,"column":2},"end":{"line":180,"column":null}},"111":{"start":{"line":172,"column":4},"end":{"line":178,"column":null}},"112":{"start":{"line":182,"column":2},"end":{"line":194,"column":null}},"113":{"start":{"line":183,"column":4},"end":{"line":192,"column":null}},"114":{"start":{"line":196,"column":2},"end":{"line":467,"column":null}},"115":{"start":{"line":207,"column":25},"end":{"line":207,"column":null}},"116":{"start":{"line":218,"column":25},"end":{"line":218,"column":null}},"117":{"start":{"line":228,"column":25},"end":{"line":228,"column":null}},"118":{"start":{"line":248,"column":12},"end":{"line":310,"column":null}},"119":{"start":{"line":296,"column":37},"end":{"line":296,"column":null}},"120":{"start":{"line":328,"column":35},"end":{"line":328,"column":null}},"121":{"start":{"line":338,"column":35},"end":{"line":338,"column":null}},"122":{"start":{"line":347,"column":35},"end":{"line":347,"column":null}},"123":{"start":{"line":358,"column":35},"end":{"line":358,"column":null}},"124":{"start":{"line":368,"column":35},"end":{"line":368,"column":null}},"125":{"start":{"line":375,"column":33},"end":{"line":375,"column":null}},"126":{"start":{"line":403,"column":18},"end":{"line":403,"column":null}},"127":{"start":{"line":404,"column":18},"end":{"line":404,"column":null}},"128":{"start":{"line":405,"column":18},"end":{"line":405,"column":null}},"129":{"start":{"line":431,"column":35},"end":{"line":431,"column":null}},"130":{"start":{"line":433,"column":20},"end":{"line":435,"column":null}},"131":{"start":{"line":434,"column":22},"end":{"line":434,"column":null}},"132":{"start":{"line":446,"column":20},"end":{"line":446,"column":null}},"133":{"start":{"line":447,"column":20},"end":{"line":447,"column":null}},"134":{"start":{"line":448,"column":20},"end":{"line":448,"column":null}}},"fnMap":{"0":{"name":"(anonymous_0)","decl":{"start":{"line":5,"column":17},"end":{"line":5,"column":23}},"loc":{"start":{"line":5,"column":23},"end":{"line":469,"column":null}},"line":5},"1":{"name":"(anonymous_1)","decl":{"start":{"line":21,"column":12},"end":{"line":21,"column":18}},"loc":{"start":{"line":21,"column":18},"end":{"line":23,"column":5}},"line":21},"2":{"name":"(anonymous_2)","decl":{"start":{"line":25,"column":24},"end":{"line":25,"column":36}},"loc":{"start":{"line":25,"column":36},"end":{"line":52,"column":null}},"line":25},"3":{"name":"(anonymous_3)","decl":{"start":{"line":54,"column":30},"end":{"line":54,"column":42}},"loc":{"start":{"line":54,"column":42},"end":{"line":81,"column":null}},"line":54},"4":{"name":"(anonymous_4)","decl":{"start":{"line":60,"column":13},"end":{"line":60,"column":22}},"loc":{"start":{"line":60,"column":22},"end":{"line":60,"column":34}},"line":60},"5":{"name":"(anonymous_5)","decl":{"start":{"line":61,"column":16},"end":{"line":61,"column":25}},"loc":{"start":{"line":61,"column":25},"end":{"line":61,"column":41}},"line":61},"6":{"name":"(anonymous_6)","decl":{"start":{"line":83,"column":28},"end":{"line":83,"column":29}},"loc":{"start":{"line":83,"column":54},"end":{"line":87,"column":null}},"line":83},"7":{"name":"(anonymous_7)","decl":{"start":{"line":89,"column":33},"end":{"line":89,"column":45}},"loc":{"start":{"line":89,"column":45},"end":{"line":148,"column":null}},"line":89},"8":{"name":"(anonymous_8)","decl":{"start":{"line":115,"column":19},"end":{"line":115,"column":25}},"loc":{"start":{"line":115,"column":25},"end":{"line":133,"column":11}},"line":115},"9":{"name":"(anonymous_9)","decl":{"start":{"line":150,"column":30},"end":{"line":150,"column":37}},"loc":{"start":{"line":150,"column":84},"end":{"line":165,"column":null}},"line":150},"10":{"name":"(anonymous_10)","decl":{"start":{"line":167,"column":43},"end":{"line":167,"column":48}},"loc":{"start":{"line":167,"column":48},"end":{"line":167,"column":59}},"line":167},"11":{"name":"(anonymous_11)","decl":{"start":{"line":168,"column":43},"end":{"line":168,"column":48}},"loc":{"start":{"line":168,"column":48},"end":{"line":168,"column":60}},"line":168},"12":{"name":"(anonymous_12)","decl":{"start":{"line":207,"column":19},"end":{"line":207,"column":25}},"loc":{"start":{"line":207,"column":25},"end":{"line":207,"column":null}},"line":207},"13":{"name":"(anonymous_13)","decl":{"start":{"line":218,"column":19},"end":{"line":218,"column":25}},"loc":{"start":{"line":218,"column":25},"end":{"line":218,"column":null}},"line":218},"14":{"name":"(anonymous_14)","decl":{"start":{"line":228,"column":19},"end":{"line":228,"column":25}},"loc":{"start":{"line":228,"column":25},"end":{"line":228,"column":null}},"line":228},"15":{"name":"(anonymous_15)","decl":{"start":{"line":247,"column":30},"end":{"line":247,"column":31}},"loc":{"start":{"line":248,"column":12},"end":{"line":310,"column":null}},"line":248},"16":{"name":"(anonymous_16)","decl":{"start":{"line":296,"column":31},"end":{"line":296,"column":37}},"loc":{"start":{"line":296,"column":37},"end":{"line":296,"column":null}},"line":296},"17":{"name":"(anonymous_17)","decl":{"start":{"line":328,"column":28},"end":{"line":328,"column":29}},"loc":{"start":{"line":328,"column":35},"end":{"line":328,"column":null}},"line":328},"18":{"name":"(anonymous_18)","decl":{"start":{"line":338,"column":28},"end":{"line":338,"column":29}},"loc":{"start":{"line":338,"column":35},"end":{"line":338,"column":null}},"line":338},"19":{"name":"(anonymous_19)","decl":{"start":{"line":347,"column":28},"end":{"line":347,"column":29}},"loc":{"start":{"line":347,"column":35},"end":{"line":347,"column":null}},"line":347},"20":{"name":"(anonymous_20)","decl":{"start":{"line":358,"column":28},"end":{"line":358,"column":29}},"loc":{"start":{"line":358,"column":35},"end":{"line":358,"column":null}},"line":358},"21":{"name":"(anonymous_21)","decl":{"start":{"line":368,"column":28},"end":{"line":368,"column":29}},"loc":{"start":{"line":368,"column":35},"end":{"line":368,"column":null}},"line":368},"22":{"name":"(anonymous_22)","decl":{"start":{"line":375,"column":27},"end":{"line":375,"column":33}},"loc":{"start":{"line":375,"column":33},"end":{"line":375,"column":null}},"line":375},"23":{"name":"(anonymous_23)","decl":{"start":{"line":402,"column":25},"end":{"line":402,"column":31}},"loc":{"start":{"line":402,"column":31},"end":{"line":406,"column":null}},"line":402},"24":{"name":"(anonymous_24)","decl":{"start":{"line":431,"column":28},"end":{"line":431,"column":29}},"loc":{"start":{"line":431,"column":35},"end":{"line":431,"column":null}},"line":431},"25":{"name":"(anonymous_25)","decl":{"start":{"line":432,"column":30},"end":{"line":432,"column":31}},"loc":{"start":{"line":432,"column":37},"end":{"line":436,"column":null}},"line":432},"26":{"name":"(anonymous_26)","decl":{"start":{"line":445,"column":27},"end":{"line":445,"column":33}},"loc":{"start":{"line":445,"column":33},"end":{"line":449,"column":null}},"line":445}},"branchMap":{"0":{"loc":{"start":{"line":32,"column":6},"end":{"line":35,"column":null}},"type":"if","locations":[{"start":{"line":32,"column":6},"end":{"line":35,"column":null}},{"start":{},"end":{}}],"line":32},"1":{"loc":{"start":{"line":32,"column":10},"end":{"line":32,"column":39}},"type":"binary-expr","locations":[{"start":{"line":32,"column":10},"end":{"line":32,"column":23}},{"start":{"line":32,"column":23},"end":{"line":32,"column":39}}],"line":32},"2":{"loc":{"start":{"line":42,"column":27},"end":{"line":42,"column":null}},"type":"binary-expr","locations":[{"start":{"line":42,"column":27},"end":{"line":42,"column":43}},{"start":{"line":42,"column":43},"end":{"line":42,"column":null}}],"line":42},"3":{"loc":{"start":{"line":55,"column":4},"end":{"line":55,"column":null}},"type":"if","locations":[{"start":{"line":55,"column":4},"end":{"line":55,"column":null}},{"start":{},"end":{}}],"line":55},"4":{"loc":{"start":{"line":90,"column":4},"end":{"line":90,"column":null}},"type":"if","locations":[{"start":{"line":90,"column":4},"end":{"line":90,"column":null}},{"start":{},"end":{}}],"line":90},"5":{"loc":{"start":{"line":106,"column":6},"end":{"line":137,"column":null}},"type":"if","locations":[{"start":{"line":106,"column":6},"end":{"line":137,"column":null}},{"start":{"line":134,"column":13},"end":{"line":137,"column":null}}],"line":106},"6":{"loc":{"start":{"line":106,"column":10},"end":{"line":106,"column":52}},"type":"binary-expr","locations":[{"start":{"line":106,"column":10},"end":{"line":106,"column":30}},{"start":{"line":106,"column":30},"end":{"line":106,"column":52}}],"line":106},"7":{"loc":{"start":{"line":121,"column":12},"end":{"line":127,"column":null}},"type":"if","locations":[{"start":{"line":121,"column":12},"end":{"line":127,"column":null}},{"start":{"line":125,"column":19},"end":{"line":127,"column":null}}],"line":121},"8":{"loc":{"start":{"line":121,"column":16},"end":{"line":121,"column":91}},"type":"binary-expr","locations":[{"start":{"line":121,"column":16},"end":{"line":121,"column":30}},{"start":{"line":121,"column":30},"end":{"line":121,"column":50}},{"start":{"line":121,"column":50},"end":{"line":121,"column":91}}],"line":121},"9":{"loc":{"start":{"line":143,"column":12},"end":{"line":143,"column":80}},"type":"binary-expr","locations":[{"start":{"line":143,"column":12},"end":{"line":143,"column":27}},{"start":{"line":143,"column":27},"end":{"line":143,"column":80}}],"line":143},"10":{"loc":{"start":{"line":153,"column":4},"end":{"line":155,"column":null}},"type":"if","locations":[{"start":{"line":153,"column":4},"end":{"line":155,"column":null}},{"start":{},"end":{}}],"line":153},"11":{"loc":{"start":{"line":163,"column":12},"end":{"line":163,"column":106}},"type":"binary-expr","locations":[{"start":{"line":163,"column":12},"end":{"line":163,"column":27}},{"start":{"line":163,"column":27},"end":{"line":163,"column":106}}],"line":163},"12":{"loc":{"start":{"line":169,"column":26},"end":{"line":169,"column":null}},"type":"cond-expr","locations":[{"start":{"line":169,"column":53},"end":{"line":169,"column":72}},{"start":{"line":169,"column":72},"end":{"line":169,"column":null}}],"line":169},"13":{"loc":{"start":{"line":171,"column":2},"end":{"line":180,"column":null}},"type":"if","locations":[{"start":{"line":171,"column":2},"end":{"line":180,"column":null}},{"start":{},"end":{}}],"line":171},"14":{"loc":{"start":{"line":182,"column":2},"end":{"line":194,"column":null}},"type":"if","locations":[{"start":{"line":182,"column":2},"end":{"line":194,"column":null}},{"start":{},"end":{}}],"line":182},"15":{"loc":{"start":{"line":220,"column":12},"end":{"line":222,"column":null}},"type":"cond-expr","locations":[{"start":{"line":221,"column":16},"end":{"line":221,"column":null}},{"start":{"line":222,"column":16},"end":{"line":222,"column":null}}],"line":220},"16":{"loc":{"start":{"line":230,"column":12},"end":{"line":232,"col
[...]
5},"end":{"line":149,"column":76}},{"start":{"line":149,"column":76},"end":{"line":149,"column":null}}],"line":149},"11":{"loc":{"start":{"line":165,"column":7},"end":{"line":202,"column":null}},"type":"binary-expr","locations":[{"start":{"line":165,"column":7},"end":{"line":165,"column":null}},{"start":{"line":166,"column":8},"end":{"line":202,"column":null}}],"line":165},"12":{"loc":{"start":{"line":191,"column":17},"end":{"line":197,"column":null}},"type":"cond-expr","locations":[{"start":{"line":192,"column":18},"end":{"line":195,"column":null}},{"start":{"line":197,"column":18},"end":{"line":197,"column":null}}],"line":191}},"s":{"0":2,"1":0,"2":0,"3":0,"4":0,"5":0,"6":0,"7":0,"8":0,"9":0,"10":0,"11":0,"12":0,"13":0,"14":0,"15":0,"16":0,"17":0,"18":0,"19":0,"20":0,"21":0,"22":0,"23":0,"24":0,"25":0,"26":0,"27":0,"28":0,"29":0,"30":0,"31":0,"32":0,"33":0,"34":0,"35":0,"36":0,"37":0,"38":0,"39":0,"40":0,"41":0,"42":0,"43":0,"44":0,"45":0},"f":{"0":0,"1":0,"2":0,"3":0,"4":0,"5":0,"6":0,"7":0,"8":0,"9":0},"b":{"0":[0,0],"1":[0,0],"2":[0,0],"3":[0,0],"4":[0,0],"5":[0,0],"6":[0,0,0,0,0,0],"7":[0,0],"8":[0,0],"9":[0,0],"10":[0,0],"11":[0,0],"12":[0,0]},"meta":{"lastBranch":13,"lastFunction":10,"lastStatement":46,"seen":{"s:13:18:206:Infinity":0,"f:13:18:13:24":0,"s:14:8:14:Infinity":1,"s:15:32:15:Infinity":2,"s:16:36:16:Infinity":3,"s:17:30:17:Infinity":4,"s:18:30:18:Infinity":5,"s:19:50:19:Infinity":6,"s:20:34:20:Infinity":7,"s:22:2:36:Infinity":8,"f:22:12:22:18":1,"s:24:18:24:Infinity":9,"b:25:4:28:Infinity:undefined:undefined:undefined:undefined":0,"s:25:4:28:Infinity":10,"s:26:6:26:Infinity":11,"s:27:6:27:Infinity":12,"s:30:22:30:Infinity":13,"b:30:22:30:64:30:64:30:Infinity":1,"s:31:21:31:Infinity":14,"b:31:21:31:62:31:62:31:Infinity":2,"s:32:17:32:Infinity":15,"b:32:17:32:54:32:54:32:Infinity":3,"s:34:4:34:Infinity":16,"b:34:16:34:53:34:53:34:59":4,"s:35:4:35:Infinity":17,"b:35:38:35:51:35:51:35:60":5,"s:38:24:40:Infinity":18,"f:38:24:38:30":2,"s:39:4:39:Infinity":19,"s:42:25:55:Infinity":20,"f:42:25:42:31":3,"s:43:4:54:Infinity":21,"s:44:6:44:Infinity":22,"s:45:6:45:Infinity":23,"s:46:6:46:Infinity":24,"s:48:6:48:Infinity":25,"s:50:6:50:Infinity":26,"s:52:6:52:Infinity":27,"s:53:6:53:Infinity":28,"s:57:24:59:Infinity":29,"f:57:24:57:30":4,"s:58:4:58:Infinity":30,"s:61:20:67:Infinity":31,"s:69:24:84:Infinity":32,"f:69:24:69:30":5,"b:71:6:72:Infinity:73:6:74:Infinity:75:6:76:Infinity:77:6:78:Infinity:79:6:80:Infinity:81:6:82:Infinity":6,"s:70:4:83:Infinity":33,"s:72:8:72:Infinity":34,"s:74:8:74:Infinity":35,"s:76:8:76:Infinity":36,"s:78:8:78:Infinity":37,"s:80:8:80:Infinity":38,"s:82:8:82:Infinity":39,"s:86:2:204:Infinity":40,"b:91:24:91:33:91:33:91:Infinity":7,"f:105:27:105:28":6,"s:106:27:106:Infinity":41,"s:107:14:119:Infinity":42,"f:110:27:110:33":7,"s:110:33:110:Infinity":43,"b:113:24:113:Infinity:114:24:114:Infinity":8,"f:141:21:141:27":8,"s:141:27:141:Infinity":44,"b:144:27:144:45:144:45:144:Infinity":9,"b:149:15:149:76:149:76:149:Infinity":10,"f:149:39:149:44":9,"s:149:44:149:48":45,"b:165:7:165:Infinity:166:8:202:Infinity":11,"b:192:18:195:Infinity:197:18:197:Infinity":12}}}
,"C:\\Users\\yasso\\Desktop\\projet integration\\Nexium_Project\\src\\pages\\Home.tsx": {"path":"C:\\Users\\yasso\\Desktop\\projet integration\\Nexium_Project\\src\\pages\\Home.tsx","statementMap":{"0":{"start":{"line":4,"column":13},"end":{"line":153,"column":null}},"1":{"start":{"line":5,"column":2},"end":{"line":151,"column":null}},"2":{"start":{"line":71,"column":14},"end":{"line":75,"column":null}},"3":{"start":{"line":115,"column":14},"end":{"line":127,"column":null}},"4":{"start":{"line":121,"column":20},"end":{"line":121,"column":null}}},"fnMap":{"0":{"name":"(anonymous_0)","decl":{"start":{"line":4,"column":13},"end":{"line":4,"column":19}},"loc":{"start":{"line":4,"column":19},"end":{"line":153,"column":null}},"line":4},"1":{"name":"(anonymous_1)","decl":{"start":{"line":70,"column":18},"end":{"line":70,"column":19}},"loc":{"start":{"line":71,"column":14},"end":{"line":75,"column":null}},"line":71},"2":{"name":"(anonymous_2)","decl":{"start":{"line":114,"column":18},"end":{"line":114,"column":19}},"loc":{"start":{"line":115,"column":14},"end":{"line":127,"column":null}},"line":115},"3":{"name":"(anonymous_3)","decl":{"start":{"line":120,"column":37},"end":{"line":120,"column":38}},"loc":{"start":{"line":121,"column":20},"end":{"line":121,"column":null}},"line":121}},"branchMap":{},"s":{"0":1,"1":2,"2":8,"3":6,"4":30},"f":{"0":2,"1":8,"2":6,"3":30},"b":{},"meta":{"lastBranch":0,"lastFunction":4,"lastStatement":5,"seen":{"s:4:13:153:Infinity":0,"f:4:13:4:19":0,"s:5:2:151:Infinity":1,"f:70:18:70:19":1,"s:71:14:75:Infinity":2,"f:114:18:114:19":2,"s:115:14:127:Infinity":3,"f:120:37:120:38":3,"s:121:20:121:Infinity":4}}}
,"C:\\Users\\yasso\\Desktop\\projet integration\\Nexium_Project\\src\\pages\\SignIn.tsx": {"path":"C:\\Users\\yasso\\Desktop\\projet integration\\Nexium_Project\\src\\pages\\SignIn.tsx","statementMap":{"0":{"start":{"line":6,"column":15},"end":{"line":127,"column":null}},"1":{"start":{"line":7,"column":24},"end":{"line":7,"column":null}},"2":{"start":{"line":8,"column":30},"end":{"line":8,"column":null}},"3":{"start":{"line":9,"column":24},"end":{"line":9,"column":null}},"4":{"start":{"line":10,"column":28},"end":{"line":10,"column":null}},"5":{"start":{"line":11,"column":8},"end":{"line":11,"column":null}},"6":{"start":{"line":13,"column":2},"end":{"line":18,"column":null}},"7":{"start":{"line":15,"column":4},"end":{"line":17,"column":null}},"8":{"start":{"line":16,"column":6},"end":{"line":16,"column":null}},"9":{"start":{"line":20,"column":23},"end":{"line":37,"column":null}},"10":{"start":{"line":21,"column":4},"end":{"line":21,"column":null}},"11":{"start":{"line":22,"column":4},"end":{"line":22,"column":null}},"12":{"start":{"line":23,"column":4},"end":{"line":23,"column":null}},"13":{"start":{"line":25,"column":4},"end":{"line":36,"column":null}},"14":{"start":{"line":26,"column":19},"end":{"line":26,"column":null}},"15":{"start":{"line":27,"column":6},"end":{"line":30,"column":null}},"16":{"start":{"line":29,"column":8},"end":{"line":29,"column":null}},"17":{"start":{"line":32,"column":6},"end":{"line":32,"column":null}},"18":{"start":{"line":33,"column":6},"end":{"line":33,"column":null}},"19":{"start":{"line":35,"column":6},"end":{"line":35,"column":null}},"20":{"start":{"line":39,"column":2},"end":{"line":125,"column":null}},"21":{"start":{"line":66,"column":33},"end":{"line":66,"column":null}},"22":{"start":{"line":79,"column":33},"end":{"line":79,"column":null}}},"fnMap":{"0":{"name":"(anonymous_0)","decl":{"start":{"line":6,"column":15},"end":{"line":6,"column":21}},"loc":{"start":{"line":6,"column":21},"end":{"line":127,"column":null}},"line":6},"1":{"name":"(anonymous_1)","decl":{"start":{"line":13,"column":12},"end":{"line":13,"column":18}},"loc":{"start":{"line":13,"column":18},"end":{"line":18,"column":5}},"line":13},"2":{"name":"(anonymous_2)","decl":{"start":{"line":20,"column":23},"end":{"line":20,"column":30}},"loc":{"start":{"line":20,"column":53},"end":{"line":37,"column":null}},"line":20},"3":{"name":"(anonymous_3)","decl":{"start":{"line":66,"column":26},"end":{"line":66,"column":27}},"loc":{"start":{"line":66,"column":33},"end":{"line":66,"column":null}},"line":66},"4":{"name":"(anonymous_4)","decl":{"start":{"line":79,"column":26},"end":{"line":79,"column":27}},"loc":{"start":{"line":79,"column":33},"end":{"line":79,"column":null}},"line":79}},"branchMap":{"0":{"loc":{"start":{"line":15,"column":4},"end":{"line":17,"column":null}},"type":"if","locations":[{"start":{"line":15,"column":4},"end":{"line":17,"column":null}},{"start":{},"end":{}}],"line":15},"1":{"loc":{"start":{"line":27,"column":6},"end":{"line":30,"column":null}},"type":"if","locations":[{"start":{"line":27,"column":6},"end":{"line":30,"column":null}},{"start":{},"end":{}}],"line":27},"2":{"loc":{"start":{"line":33,"column":15},"end":{"line":33,"column":77}},"type":"cond-expr","locations":[{"start":{"line":33,"column":40},"end":{"line":33,"column":56}},{"start":{"line":33,"column":56},"end":{"line":33,"column":77}}],"line":33},"3":{"loc":{"start":{"line":87,"column":13},"end":{"line":90,"column":null}},"type":"binary-expr","locations":[{"start":{"line":87,"column":13},"end":{"line":87,"column":null}},{"start":{"line":88,"column":14},"end":{"line":90,"column":null}}],"line":87},"4":{"loc":{"start":{"line":99,"column":15},"end":{"line":105,"column":null}},"type":"cond-expr","locations":[{"start":{"line":100,"column":16},"end":{"line":103,"column":null}},{"start":{"line":105,"column":16},"end":{"line":105,"column":null}}],"line":99}},"s":{"0":3,"1":26,"2":26,"3":26,"4":26,"5":26,"6":26,"7":7,"8":0,"9":26,"10":5,"11":5,"12":5,"13":5,"14":5,"15":2,"16":2,"17":2,"18":2,"19":4,"20":26,"21":5,"22":5},"f":{"0":26,"1":7,"2":5,"3":5,"4":5},"b":{"0":[0,7],"1":[2,0],"2":[2,0],"3":[26,2],"4":[5,21]},"meta":{"lastBranch":5,"lastFunction":5,"lastStatement":23,"seen":{"s:6:15:127:Infinity":0,"f:6:15:6:21":0,"s:7:24:7:Infinity":1,"s:8:30:8:Infinity":2,"s:9:24:9:Infinity":3,"s:10:28:10:Infinity":4,"s:11:8:11:Infinity":5,"s:13:2:18:Infinity":6,"f:13:12:13:18":1,"b:15:4:17:Infinity:undefined:undefined:undefined:undefined":0,"s:15:4:17:Infinity":7,"s:16:6:16:Infinity":8,"s:20:23:37:Infinity":9,"f:20:23:20:30":2,"s:21:4:21:Infinity":10,"s:22:4:22:Infinity":11,"s:23:4:23:Infinity":12,"s:25:4:36:Infinity":13,"s:26:19:26:Infinity":14,"b:27:6:30:Infinity:undefined:undefined:undefined:undefined":1,"s:27:6:30:Infinity":15,"s:29:8:29:Infinity":16,"s:32:6:32:Infinity":17,"s:33:6:33:Infinity":18,"b:33:40:33:56:33:56:33:77":2,"s:35:6:35:Infinity":19,"s:39:2:125:Infinity":20,"f:66:26:66:27":3,"s:66:33:66:Infinity":21,"f:79:26:79:27":4,"s:79:33:79:Infinity":22,"b:87:13:87:Infinity:88:14:90:Infinity":3,"b:100:16:103:Infinity:105:16:105:Infinity":4}}}
,"C:\\Users\\yasso\\Desktop\\projet integration\\Nexium_Project\\src\\pages\\SignUp.tsx": {"path":"C:\\Users\\yasso\\Desktop\\projet integration\\Nexium_Project\\src\\pages\\SignUp.tsx","statementMap":{"0":{"start":{"line":6,"column":15},"end":{"line":215,"column":null}},"1":{"start":{"line":7,"column":32},"end":{"line":7,"column":null}},"2":{"start":{"line":8,"column":30},"end":{"line":8,"column":null}},"3":{"start":{"line":9,"column":24},"end":{"line":9,"column":null}},"4":{"start":{"line":10,"column":30},"end":{"line":10,"column":null}},"5":{"start":{"line":11,"column":36},"end":{"line":11,"column":null}},"6":{"start":{"line":12,"column":28},"end":{"line":12,"column":null}},"7":{"start":{"line":13,"column":38},"end":{"line":13,"column":null}},"8":{"start":{"line":14,"column":24},"end":{"line":14,"column":null}},"9":{"start":{"line":15,"column":28},"end":{"line":15,"column":null}},"10":{"start":{"line":16,"column":28},"end":{"line":16,"column":null}},"11":{"start":{"line":17,"column":8},"end":{"line":17,"column":null}},"12":{"start":{"line":19,"column":2},"end":{"line":24,"column":null}},"13":{"start":{"line":21,"column":4},"end":{"line":23,"column":null}},"14":{"start":{"line":22,"column":6},"end":{"line":22,"column":null}},"15":{"start":{"line":26,"column":23},"end":{"line":47,"column":null}},"16":{"start":{"line":27,"column":4},"end":{"line":27,"column":null}},"17":{"start":{"line":28,"column":4},"end":{"line":28,"column":null}},"18":{"start":{"line":29,"column":4},"end":{"line":29,"column":null}},"19":{"start":{"line":31,"column":4},"end":{"line":46,"column":null}},"20":{"start":{"line":32,"column":19},"end":{"line":32,"column":null}},"21":{"start":{"line":34,"column":6},"end":{"line":40,"column":null}},"22":{"start":{"line":35,"column":8},"end":{"line":35,"column":null}},"23":{"start":{"line":37,"column":8},"end":{"line":39,"column":null}},"24":{"start":{"line":38,"column":10},"end":{"line":38,"column":null}},"25":{"start":{"line":42,"column":6},"end":{"line":42,"column":null}},"26":{"start":{"line":43,"column":6},"end":{"line":43,"column":null}},"27":{"start":{"line":45,"column":6},"end":{"line":45,"column":null}},"28":{"start":{"line":49,"column":2},"end":{"line":213,"column":null}},"29":{"start":{"line":79,"column":35},"end":{"line":79,"column":null}},"30":{"start":{"line":90,"column":35},"end":{"line":90,"column":null}},"31":{"start":{"line":104,"column":33},"end":{"line":104,"column":null}},"32":{"start":{"line":117,"column":33},"end":{"line":117,"column":null}},"33":{"start":{"line":130,"column":33},"end":{"line":130,"column":null}},"34":{"start":{"line":144,"column":35},"end":{"line":144,"column":null}},"35":{"start":{"line":154,"column":35},"end":{"line":154,"column":null}}},"fnMap":{"0":{"name":"(anonymous_0)","decl":{"start":{"line":6,"column":15},"end":{"line":6,"column":21}},"loc":{"start":{"line":6,"column":21},"end":{"line":215,"column":null}},"line":6},"1":{"name":"(anonymous_1)","decl":{"start":{"line":19,"column":12},"end":{"line":19,"column":18}},"loc":{"start":{"line":19,"column":18},"end":{"line":24,"column":5}},"line":19},"2":{"name":"(anonymous_2)","decl":{"start":{"line":26,"column":23},"end":{"line":26,"column":30}},"loc":{"start":{"line":26,"column":53},"end":{"line":47,"column":null}},"line":26},"3":{"name":"(anonymous_3)","decl":{"start":{"line":37,"column":19},"end":{"line":37,"column":25}},"loc":{"start":{"line":37,"column":25},"end":{"line":39,"column":11}},"line":37},"4":{"name":"(anonymous_4)","decl":{"start":{"line":79,"column":28},"end":{"line":79,"column":29}},"loc":{"start":{"line":79,"column":35},"end":{"line":79,"column":null}},"line":79},"5":{"name":"(anonymous_5)","decl":{"start":{"line":90,"column":28},"end":{"line":90,"column":29}},"loc":{"start":{"line":90,"column":35},"end":{"line":90,"column":null}},"line":90},"6":{"name":"(anonymous_6)","decl":{"start":{"line":104,"column":26},"end":{"line":104,"column":27}},"loc":{"start":{"line":104,"column":33},"end":{"line":104,"column":null}},"line":104},"7":{"name":"(anonymous_7)","decl":{"start":{"line":117,"column":26},"end":{"line":117,"column":27}},"loc":{"start":{"line":117,"column":33},"end":{"line":117,"column":null}},"line":117},"8":{"name":"(anonymous_8)","decl":{"start":{"line":130,"column":26},"end":{"line":130,"column":27}},"loc":{"start":{"line":130,"column":33},"end":{"line":130,"column":null}},"line":130},"9":{"name":"(anonymous_9)","decl":{"start":{"line":144,"column":28},"end":{"line":144,"column":29}},"loc":{"start":{"line":144,"column":35},"end":{"line":144,"column":null}},"line":144},"10":{"name":"(anonymous_10)","decl":{"start":{"line":154,"column":28},"end":{"line":154,"column":29}},"loc":{"start":{"line":154,"column":35},"end":{"line":154,"column":null}},"line":154}},"branchMap":{"0":{"loc":{"start":{"line":21,"column":4},"end":{"line":23,"column":null}},"type":"if","locations":[{"start":{"line":21,"column":4},"end":{"line":23,"column":null}},{"start":{},"end":{}}],"line":21},"1":{"loc":{"start":{"line":34,"column":6},"end":{"line":40,"column":null}},"type":"if","locations":[{"start":{"line":34,"column":6},"end":{"line":40,"column":null}},{"start":{},"end":{}}],"line":34},"2":{"loc":{"start":{"line":43,"column":15},"end":{"line":43,"column":104}},"type":"cond-expr","locations":[{"start":{"line":43,"column":40},"end":{"line":43,"column":56}},{"start":{"line":43,"column":56},"end":{"line":43,"column":104}}],"line":43},"3":{"loc":{"start":{"line":163,"column":13},"end":{"line":166,"column":null}},"type":"binary-expr","locations":[{"start":{"line":163,"column":13},"end":{"line":163,"column":null}},{"start":{"line":164,"column":14},"end":{"line":166,"column":null}}],"line":163},"4":{"loc":{"start":{"line":170,"column":13},"end":{"line":173,"column":null}},"type":"binary-expr","locations":[{"start":{"line":170,"column":13},"end":{"line":170,"column":null}},{"start":{"line":171,"column":14},"end":{"line":173,"column":null}}],"line":170},"5":{"loc":{"start":{"line":179,"column":24},"end":{"line":179,"column":null}},"type":"binary-expr","locations":[{"start":{"line":179,"column":24},"end":{"line":179,"column":35}},{"start":{"line":179,"column":35},"end":{"line":179,"column":null}}],"line":179},"6":{"loc":{"start":{"line":182,"column":15},"end":{"line":193,"column":null}},"type":"cond-expr","locations":[{"start":{"line":183,"column":16},"end":{"line":186,"column":null}},{"start":{"line":187,"column":18},"end":{"line":193,"column":null}}],"line":182},"7":{"loc":{"start":{"line":187,"column":18},"end":{"line":193,"column":null}},"type":"cond-expr","locations":[{"start":{"line":188,"column":16},"end":{"line":191,"column":null}},{"start":{"line":193,"column":16},"end":{"line":193,"column":null}}],"line":187}},"s":{"0":2,"1":3,"2":3,"3":3,"4":3,"5":3,"6":3,"7":3,"8":3,"9":3,"10":3,"11":3,"12":3,"13":3,"14":0,"15":3,"16":0,"17":0,"18":0,"19":0,"20":0,"21":0,"22":0,"23":0,"24":0,"25":0,"26":0,"27":0,"28":3,"29":0,"30":0,"31":0,"32":0,"33":0,"34":0,"35":0},"f":{"0":3,"1":3,"2":0,"3":0,"4":0,"5":0,"6":0,"7":0,"8":0,"9":0,"10":0},"b":{"0":[0,3],"1":[0,0],"2":[0,0],"3":[3,0],"4":[3,0],"5":[3,3],"6":[0,3],"7":[0,3]},"meta":{"lastBranch":8,"lastFunction":11,"lastStatement":36,"seen":{"s:6:15:215:Infinity":0,"f:6:15:6:21":0,"s:7:32:7:Infinity":1,"s:8:30:8:Infinity":2,"s:9:24:9:Infinity":3,"s:10:30:10:Infinity":4,"s:11:36:11:Infinity":5,"s:12:28:12:Infinity":6,"s:13:38:13:Infinity":7,"s:14:24:14:Infinity":8,"s:15:28:15:Infinity":9,"s:16:28:16:Infinity":10,"s:17:8:17:Infinity":11,"s:19:2:24:Infinity":12,"f:19:12:19:18":1,"b:21:4:23:Infinity:undefined:undefined:undefined:undefined":0,"s:21:4:23:Infinity":13,"s:22:6:22:Infinity":14,"s:26:23:47:Infinity":15,"f:26:23:26:30":2,"s:27:4:27:Infinity":16,"s:28:4:28:Infinity":17,"s:29:4:29:Infinity":18,"s:31:4:46:Infinity":19,"s:32:19:32:Infinity":20,"b:34:6:40:Infinity:undefined:undefined:undefined:undefined":1,"s:34:6:40:Infinity":21,"s:35:8:35:Infinity":22,"s:37:8:39:Infinity":23,"f:37:19:37:25":3,"s:38:10:38:Infinity":24,"s:42:6:42:Infinity":25,"s:43:6:43:Infinity":26,"b:43:40:43:56:43:56:43:104":2,"s:45:6:45:Infinity":27,"s:49:2:213:Infinity":28,"f:79:28:79:29":4,"s:79:35:79:Infinity":29,"f:90:28:90:29":5,"s:90:35:90:Infinity":30,"f:104:26:104:27":6,"s:104:33:104:Infinity":31,"f:117:26:117:27":7,"s:117:33:117:Infinity":32,"f:130:26:130:27":8,"s:130:33:130:Infinity":33,"f:144:28:144:29":9,"s:144:35:144:Infinity":34,"f:154:28:154:29":10,"s:154:35:154:Infinity":35,"b:163:13:163:Infinity:164:14:166:Infinity":3,"b:170:13:170:Infinity:171:14:173:Infinity":4,"b:179:24:179:35:179:35:179:Infinity":5,"b:183:16:186:Infinity:187:18:193:Infinity":6,"b:188:16:191:Infinity:193:16:193:Infinity":7}}}
,"C:\\Users\\yasso\\Desktop\\projet integration\\Nexium_Project\\src\\views\\Footer.tsx": {"path":"C:\\Users\\yasso\\Desktop\\projet integration\\Nexium_Project\\src\\views\\Footer.tsx","statementMap":{"0":{"start":{"line":1,"column":15},"end":{"line":7,"column":null}},"1":{"start":{"line":2,"column":2},"end":{"line":5,"column":null}}},"fnMap":{"0":{"name":"(anonymous_0)","decl":{"start":{"line":1,"column":15},"end":{"line":1,"column":21}},"loc":{"start":{"line":1,"column":21},"end":{"line":7,"column":null}},"line":1}},"branchMap":{},"s":{"0":1,"1":2},"f":{"0":2},"b":{},"meta":{"lastBranch":0,"lastFunction":1,"lastStatement":2,"seen":{"s:1:15:7:Infinity":0,"f:1:15:1:21":0,"s:2:2:5:Infinity":1}}}
,"C:\\Users\\yasso\\Desktop\\projet integration\\Nexium_Project\\src\\views\\Header.tsx": {"path":"C:\\Users\\yasso\\Desktop\\projet integration\\Nexium_Project\\src\\views\\Header.tsx","statementMap":{"0":{"start":{"line":3,"column":15},"end":{"line":17,"column":null}},"1":{"start":{"line":4,"column":2},"end":{"line":15,"column":null}}},"fnMap":{"0":{"name":"(anonymous_0)","decl":{"start":{"line":3,"column":15},"end":{"line":3,"column":21}},"loc":{"start":{"line":3,"column":21},"end":{"line":17,"column":null}},"line":3}},"branchMap":{},"s":{"0":2,"1":4},"f":{"0":4},"b":{},"meta":{"lastBranch":0,"lastFunction":1,"lastStatement":2,"seen":{"s:3:15:17:Infinity":0,"f:3:15:3:21":0,"s:4:2:15:Infinity":1}}}
}
